2020-06-11 09:22:07 [scrapy.utils.log] INFO: Scrapy 2.1.0 started (bot: hashtag_images)
2020-06-11 09:22:07 [scrapy.utils.log] INFO: Versions: lxml 4.5.1.0, libxml2 2.9.10, cssselect 1.1.0, parsel 1.6.0, w3lib 1.22.0, Twisted 20.3.0, Python 3.6.9 (default, Apr 18 2020, 01:56:04) - [GCC 8.4.0], pyOpenSSL 19.1.0 (OpenSSL 1.1.1g  21 Apr 2020), cryptography 2.9.2, Platform Linux-5.3.0-46-generic-x86_64-with-Ubuntu-18.04-bionic
2020-06-11 09:22:07 [scrapy.utils.log] DEBUG: Using reactor: twisted.internet.epollreactor.EPollReactor
2020-06-11 09:22:07 [scrapy.crawler] INFO: Overridden settings:
{'BOT_NAME': 'hashtag_images',
 'FEED_EXPORT_ENCODING': 'utf-8',
 'LOG_FILE': 'logs/default/new_hashtag/021d5ef2abc511ea85645c879c22ffb0.log',
 'NEWSPIDER_MODULE': 'hashtag_images.spiders',
 'ROBOTSTXT_OBEY': True,
 'SPIDER_MODULES': ['hashtag_images.spiders'],
 'USER_AGENT': 'Mozilla/5.0 (Windows NT 10.0; Win64; x64) AppleWebKit/537.36 '
               '(KHTML, like Gecko) Chrome/83.0.4103.61 Safari/537.36'}
2020-06-11 09:22:07 [scrapy.extensions.telnet] INFO: Telnet Password: e76208e943675478
2020-06-11 09:22:07 [scrapy.middleware] INFO: Enabled extensions:
['scrapy.extensions.corestats.CoreStats',
 'scrapy.extensions.telnet.TelnetConsole',
 'scrapy.extensions.memusage.MemoryUsage',
 'scrapy.extensions.logstats.LogStats']
2020-06-11 09:22:07 [scrapy.middleware] WARNING: Disabled SeleniumMiddleware: SELENIUM_DRIVER_NAME and SELENIUM_DRIVER_EXECUTABLE_PATH must be set
2020-06-11 09:22:07 [scrapy.middleware] INFO: Enabled downloader middlewares:
['scrapy.downloadermiddlewares.robotstxt.RobotsTxtMiddleware',
 'scrapy.downloadermiddlewares.httpauth.HttpAuthMiddleware',
 'scrapy.downloadermiddlewares.downloadtimeout.DownloadTimeoutMiddleware',
 'scrapy.downloadermiddlewares.defaultheaders.DefaultHeadersMiddleware',
 'scrapy.downloadermiddlewares.useragent.UserAgentMiddleware',
 'scrapy.downloadermiddlewares.retry.RetryMiddleware',
 'scrapy.downloadermiddlewares.redirect.MetaRefreshMiddleware',
 'scrapy.downloadermiddlewares.httpcompression.HttpCompressionMiddleware',
 'scrapy.downloadermiddlewares.redirect.RedirectMiddleware',
 'scrapy.downloadermiddlewares.cookies.CookiesMiddleware',
 'scrapy.downloadermiddlewares.httpproxy.HttpProxyMiddleware',
 'scrapy.downloadermiddlewares.stats.DownloaderStats']
2020-06-11 09:22:07 [scrapy.middleware] INFO: Enabled spider middlewares:
['scrapy.spidermiddlewares.httperror.HttpErrorMiddleware',
 'scrapy.spidermiddlewares.offsite.OffsiteMiddleware',
 'scrapy.spidermiddlewares.referer.RefererMiddleware',
 'scrapy.spidermiddlewares.urllength.UrlLengthMiddleware',
 'scrapy.spidermiddlewares.depth.DepthMiddleware']
2020-06-11 09:22:07 [scrapy.middleware] INFO: Enabled item pipelines:
['hashtag_images.pipelines.HashtagImagesPipeline']
2020-06-11 09:22:07 [scrapy.core.engine] INFO: Spider opened
2020-06-11 09:22:07 [scrapy.extensions.logstats] INFO: Crawled 0 pages (at 0 pages/min), scraped 0 items (at 0 items/min)
2020-06-11 09:22:07 [scrapy.extensions.telnet] INFO: Telnet console listening on 127.0.0.1:6023
2020-06-11 09:22:07 [scrapy.core.engine] DEBUG: Crawled (200) <GET https://twitter.com/robots.txt> (referer: None)
2020-06-11 09:22:08 [scrapy.core.engine] DEBUG: Crawled (200) <GET https://twitter.com/> (referer: None)
2020-06-11 09:22:09 [selenium.webdriver.remote.remote_connection] DEBUG: POST http://127.0.0.1:58311/session {"capabilities": {"firstMatch": [{}], "alwaysMatch": {"browserName": "chrome", "platformName": "any", "goog:chromeOptions": {"extensions": [], "args": ["--headless"]}}}, "desiredCapabilities": {"browserName": "chrome", "version": "", "platform": "ANY", "goog:chromeOptions": {"extensions": [], "args": ["--headless"]}}}
2020-06-11 09:22:09 [urllib3.connectionpool] DEBUG: Starting new HTTP connection (1): 127.0.0.1:58311
2020-06-11 09:22:09 [urllib3.connectionpool] DEBUG: http://127.0.0.1:58311 "POST /session HTTP/1.1" 200 679
2020-06-11 09:22:09 [selenium.webdriver.remote.remote_connection] DEBUG: Finished Request
2020-06-11 09:22:09 [selenium.webdriver.remote.remote_connection] DEBUG: POST http://127.0.0.1:58311/session/dc42389914dca6492ab0d65923a35316/url {"url": "https://twitter.com/hashtag/ZaheerKhan"}
2020-06-11 09:22:13 [urllib3.connectionpool] DEBUG: http://127.0.0.1:58311 "POST /session/dc42389914dca6492ab0d65923a35316/url HTTP/1.1" 200 14
2020-06-11 09:22:13 [selenium.webdriver.remote.remote_connection] DEBUG: Finished Request
2020-06-11 09:22:13 [selenium.webdriver.remote.remote_connection] DEBUG: POST http://127.0.0.1:58311/session/dc42389914dca6492ab0d65923a35316/element {"using": "xpath", "value": "(//div[@role='presentation'])[position() > 5]"}
2020-06-11 09:22:13 [urllib3.connectionpool] DEBUG: http://127.0.0.1:58311 "POST /session/dc42389914dca6492ab0d65923a35316/element HTTP/1.1" 200 88
2020-06-11 09:22:13 [selenium.webdriver.remote.remote_connection] DEBUG: Finished Request
2020-06-11 09:22:13 [selenium.webdriver.remote.remote_connection] DEBUG: POST http://127.0.0.1:58311/session/dc42389914dca6492ab0d65923a35316/element/6a979ed4-cf87-4902-8080-6a40a78c2bad/click {"id": "6a979ed4-cf87-4902-8080-6a40a78c2bad"}
2020-06-11 09:22:13 [urllib3.connectionpool] DEBUG: http://127.0.0.1:58311 "POST /session/dc42389914dca6492ab0d65923a35316/element/6a979ed4-cf87-4902-8080-6a40a78c2bad/click HTTP/1.1" 200 14
2020-06-11 09:22:13 [selenium.webdriver.remote.remote_connection] DEBUG: Finished Request
2020-06-11 09:22:14 [selenium.webdriver.remote.remote_connection] DEBUG: POST http://127.0.0.1:58311/session/dc42389914dca6492ab0d65923a35316/execute/sync {"script": "return document.body.scrollHeight", "args": []}
2020-06-11 09:22:14 [urllib3.connectionpool] DEBUG: http://127.0.0.1:58311 "POST /session/dc42389914dca6492ab0d65923a35316/execute/sync HTTP/1.1" 200 13
2020-06-11 09:22:14 [selenium.webdriver.remote.remote_connection] DEBUG: Finished Request
2020-06-11 09:22:14 [selenium.webdriver.remote.remote_connection] DEBUG: GET http://127.0.0.1:58311/session/dc42389914dca6492ab0d65923a35316/source {}
2020-06-11 09:22:14 [urllib3.connectionpool] DEBUG: http://127.0.0.1:58311 "GET /session/dc42389914dca6492ab0d65923a35316/source HTTP/1.1" 200 65757
2020-06-11 09:22:14 [selenium.webdriver.remote.remote_connection] DEBUG: Finished Request
2020-06-11 09:22:14 [selenium.webdriver.remote.remote_connection] DEBUG: POST http://127.0.0.1:58311/session/dc42389914dca6492ab0d65923a35316/execute/sync {"script": "window.scrollTo(0, document.body.scrollHeight);", "args": []}
2020-06-11 09:22:14 [urllib3.connectionpool] DEBUG: http://127.0.0.1:58311 "POST /session/dc42389914dca6492ab0d65923a35316/execute/sync HTTP/1.1" 200 14
2020-06-11 09:22:14 [selenium.webdriver.remote.remote_connection] DEBUG: Finished Request
2020-06-11 09:22:16 [selenium.webdriver.remote.remote_connection] DEBUG: POST http://127.0.0.1:58311/session/dc42389914dca6492ab0d65923a35316/execute/sync {"script": "return document.body.scrollHeight", "args": []}
2020-06-11 09:22:16 [urllib3.connectionpool] DEBUG: http://127.0.0.1:58311 "POST /session/dc42389914dca6492ab0d65923a35316/execute/sync HTTP/1.1" 200 14
2020-06-11 09:22:16 [selenium.webdriver.remote.remote_connection] DEBUG: Finished Request
2020-06-11 09:22:16 [selenium.webdriver.remote.remote_connection] DEBUG: GET http://127.0.0.1:58311/session/dc42389914dca6492ab0d65923a35316/source {}
2020-06-11 09:22:16 [urllib3.connectionpool] DEBUG: http://127.0.0.1:58311 "GET /session/dc42389914dca6492ab0d65923a35316/source HTTP/1.1" 200 164955
2020-06-11 09:22:16 [selenium.webdriver.remote.remote_connection] DEBUG: Finished Request
2020-06-11 09:22:17 [scrapy.core.scraper] DEBUG: Scraped from <200 https://twitter.com/>
{'data': 'https://pbs.twimg.com/media/EaOA8-aWAAEoInR?format=jpg&name=240x240',
 'unique_id': 'ZaheerKhan'}
2020-06-11 09:22:17 [scrapy.core.scraper] DEBUG: Scraped from <200 https://twitter.com/>
{'data': 'https://pbs.twimg.com/media/EaNxyYlVAAEyULX?format=jpg&name=240x240',
 'unique_id': 'ZaheerKhan'}
2020-06-11 09:22:17 [scrapy.core.scraper] DEBUG: Scraped from <200 https://twitter.com/>
{'data': 'https://pbs.twimg.com/media/EaNxyiUU8AEjFBS?format=jpg&name=360x360',
 'unique_id': 'ZaheerKhan'}
2020-06-11 09:22:17 [scrapy.core.scraper] DEBUG: Scraped from <200 https://twitter.com/>
{'data': 'https://pbs.twimg.com/media/EYxDk3LVcAE0L8T?format=jpg&name=small',
 'unique_id': 'ZaheerKhan'}
2020-06-11 09:22:17 [scrapy.core.scraper] DEBUG: Scraped from <200 https://twitter.com/>
{'data': 'https://pbs.twimg.com/media/EWR2QpFVcAAR2iy?format=jpg&name=small',
 'unique_id': 'ZaheerKhan'}
2020-06-11 09:22:17 [selenium.webdriver.remote.remote_connection] DEBUG: POST http://127.0.0.1:58311/session/dc42389914dca6492ab0d65923a35316/execute/sync {"script": "window.scrollTo(0, document.body.scrollHeight);", "args": []}
2020-06-11 09:22:17 [urllib3.connectionpool] DEBUG: http://127.0.0.1:58311 "POST /session/dc42389914dca6492ab0d65923a35316/execute/sync HTTP/1.1" 200 14
2020-06-11 09:22:17 [selenium.webdriver.remote.remote_connection] DEBUG: Finished Request
2020-06-11 09:22:19 [selenium.webdriver.remote.remote_connection] DEBUG: POST http://127.0.0.1:58311/session/dc42389914dca6492ab0d65923a35316/execute/sync {"script": "return document.body.scrollHeight", "args": []}
2020-06-11 09:22:20 [urllib3.connectionpool] DEBUG: http://127.0.0.1:58311 "POST /session/dc42389914dca6492ab0d65923a35316/execute/sync HTTP/1.1" 200 15
2020-06-11 09:22:20 [selenium.webdriver.remote.remote_connection] DEBUG: Finished Request
2020-06-11 09:22:20 [selenium.webdriver.remote.remote_connection] DEBUG: GET http://127.0.0.1:58311/session/dc42389914dca6492ab0d65923a35316/source {}
2020-06-11 09:22:20 [urllib3.connectionpool] DEBUG: http://127.0.0.1:58311 "GET /session/dc42389914dca6492ab0d65923a35316/source HTTP/1.1" 200 273663
2020-06-11 09:22:20 [selenium.webdriver.remote.remote_connection] DEBUG: Finished Request
2020-06-11 09:22:20 [scrapy.core.scraper] DEBUG: Scraped from <200 https://twitter.com/>
{'data': 'https://pbs.twimg.com/media/EK27A3MVAAIFu5e?format=jpg&name=small',
 'unique_id': 'ZaheerKhan'}
2020-06-11 09:22:20 [scrapy.core.scraper] DEBUG: Scraped from <200 https://twitter.com/>
{'data': 'https://pbs.twimg.com/media/EJo-DEwUcAAVdB8?format=jpg&name=small',
 'unique_id': 'ZaheerKhan'}
2020-06-11 09:22:20 [scrapy.core.scraper] DEBUG: Scraped from <200 https://twitter.com/>
{'data': 'https://pbs.twimg.com/media/EGRInzpU8AEmZ-N?format=jpg&name=small',
 'unique_id': 'ZaheerKhan'}
2020-06-11 09:22:20 [scrapy.core.scraper] DEBUG: Scraped from <200 https://twitter.com/>
{'data': 'https://pbs.twimg.com/media/EGQ5wW7VAAAjRKH?format=jpg&name=small',
 'unique_id': 'ZaheerKhan'}
2020-06-11 09:22:20 [scrapy.core.scraper] DEBUG: Scraped from <200 https://twitter.com/>
{'data': 'https://pbs.twimg.com/media/EGQelk-UYAAacrM.jpg',
 'unique_id': 'ZaheerKhan'}
2020-06-11 09:22:20 [selenium.webdriver.remote.remote_connection] DEBUG: POST http://127.0.0.1:58311/session/dc42389914dca6492ab0d65923a35316/execute/sync {"script": "window.scrollTo(0, document.body.scrollHeight);", "args": []}
2020-06-11 09:22:20 [urllib3.connectionpool] DEBUG: http://127.0.0.1:58311 "POST /session/dc42389914dca6492ab0d65923a35316/execute/sync HTTP/1.1" 200 14
2020-06-11 09:22:20 [selenium.webdriver.remote.remote_connection] DEBUG: Finished Request
2020-06-11 09:22:22 [selenium.webdriver.remote.remote_connection] DEBUG: POST http://127.0.0.1:58311/session/dc42389914dca6492ab0d65923a35316/execute/sync {"script": "return document.body.scrollHeight", "args": []}
2020-06-11 09:22:22 [urllib3.connectionpool] DEBUG: http://127.0.0.1:58311 "POST /session/dc42389914dca6492ab0d65923a35316/execute/sync HTTP/1.1" 200 15
2020-06-11 09:22:22 [selenium.webdriver.remote.remote_connection] DEBUG: Finished Request
2020-06-11 09:22:22 [selenium.webdriver.remote.remote_connection] DEBUG: GET http://127.0.0.1:58311/session/dc42389914dca6492ab0d65923a35316/source {}
2020-06-11 09:22:22 [urllib3.connectionpool] DEBUG: http://127.0.0.1:58311 "GET /session/dc42389914dca6492ab0d65923a35316/source HTTP/1.1" 200 280369
2020-06-11 09:22:22 [selenium.webdriver.remote.remote_connection] DEBUG: Finished Request
2020-06-11 09:22:23 [scrapy.core.scraper] DEBUG: Scraped from <200 https://twitter.com/>
{'data': 'https://pbs.twimg.com/media/EGPt4JrUcAEQxou?format=jpg&name=small',
 'unique_id': 'ZaheerKhan'}
2020-06-11 09:22:24 [scrapy.core.scraper] DEBUG: Scraped from <200 https://twitter.com/>
{'data': 'https://pbs.twimg.com/media/EFmw0BQU8AAk2LA?format=jpg&name=small',
 'unique_id': 'ZaheerKhan'}
2020-06-11 09:22:24 [scrapy.core.scraper] DEBUG: Scraped from <200 https://twitter.com/>
{'data': 'https://pbs.twimg.com/media/D3J2ec8W4AA2bu-?format=jpg&name=small',
 'unique_id': 'ZaheerKhan'}
2020-06-11 09:22:24 [scrapy.core.scraper] DEBUG: Scraped from <200 https://twitter.com/>
{'data': 'https://pbs.twimg.com/media/D2rcqtAU4AA2p9U?format=jpg&name=small',
 'unique_id': 'ZaheerKhan'}
2020-06-11 09:22:24 [scrapy.core.scraper] DEBUG: Scraped from <200 https://twitter.com/>
{'data': 'https://pbs.twimg.com/media/DuzGOhrUcAAKc9m?format=jpg&name=small',
 'unique_id': 'ZaheerKhan'}
2020-06-11 09:22:24 [scrapy.core.scraper] DEBUG: Scraped from <200 https://twitter.com/>
{'data': 'https://pbs.twimg.com/media/DuyQPDBX4AAynFA?format=jpg&name=360x360',
 'unique_id': 'ZaheerKhan'}
2020-06-11 09:22:24 [scrapy.core.scraper] DEBUG: Scraped from <200 https://twitter.com/>
{'data': 'https://pbs.twimg.com/media/DuyQQrvXgAAQ_fh?format=jpg&name=360x360',
 'unique_id': 'ZaheerKhan'}
2020-06-11 09:22:24 [scrapy.core.scraper] DEBUG: Scraped from <200 https://twitter.com/>
{'data': 'https://pbs.twimg.com/media/DusEpSDUYAAWCqQ?format=jpg&name=small',
 'unique_id': 'ZaheerKhan'}
2020-06-11 09:22:24 [scrapy.core.scraper] DEBUG: Scraped from <200 https://twitter.com/>
{'data': 'https://pbs.twimg.com/media/DtoWEm9U0AIBEM6?format=jpg&name=small',
 'unique_id': 'ZaheerKhan'}
2020-06-11 09:22:24 [scrapy.core.scraper] DEBUG: Scraped from <200 https://twitter.com/>
{'data': 'https://pbs.twimg.com/media/DtknVTnWsAAz-kE?format=jpg&name=small',
 'unique_id': 'ZaheerKhan'}
2020-06-11 09:22:25 [scrapy.core.scraper] DEBUG: Scraped from <200 https://twitter.com/>
{'data': 'https://pbs.twimg.com/media/Do5IK1IVAAANzu8?format=jpg&name=small',
 'unique_id': 'ZaheerKhan'}
2020-06-11 09:22:25 [scrapy.core.scraper] DEBUG: Scraped from <200 https://twitter.com/>
{'data': 'https://pbs.twimg.com/media/Do4y_VcUUAAERLc?format=jpg&name=small',
 'unique_id': 'ZaheerKhan'}
2020-06-11 09:22:25 [selenium.webdriver.remote.remote_connection] DEBUG: POST http://127.0.0.1:58311/session/dc42389914dca6492ab0d65923a35316/execute/sync {"script": "window.scrollTo(0, document.body.scrollHeight);", "args": []}
2020-06-11 09:22:25 [urllib3.connectionpool] DEBUG: http://127.0.0.1:58311 "POST /session/dc42389914dca6492ab0d65923a35316/execute/sync HTTP/1.1" 200 14
2020-06-11 09:22:25 [selenium.webdriver.remote.remote_connection] DEBUG: Finished Request
2020-06-11 09:22:27 [selenium.webdriver.remote.remote_connection] DEBUG: POST http://127.0.0.1:58311/session/dc42389914dca6492ab0d65923a35316/execute/sync {"script": "return document.body.scrollHeight", "args": []}
2020-06-11 09:22:27 [urllib3.connectionpool] DEBUG: http://127.0.0.1:58311 "POST /session/dc42389914dca6492ab0d65923a35316/execute/sync HTTP/1.1" 200 15
2020-06-11 09:22:27 [selenium.webdriver.remote.remote_connection] DEBUG: Finished Request
2020-06-11 09:22:27 [selenium.webdriver.remote.remote_connection] DEBUG: GET http://127.0.0.1:58311/session/dc42389914dca6492ab0d65923a35316/source {}
2020-06-11 09:22:27 [urllib3.connectionpool] DEBUG: http://127.0.0.1:58311 "GET /session/dc42389914dca6492ab0d65923a35316/source HTTP/1.1" 200 300580
2020-06-11 09:22:27 [selenium.webdriver.remote.remote_connection] DEBUG: Finished Request
2020-06-11 09:22:28 [scrapy.core.scraper] DEBUG: Scraped from <200 https://twitter.com/>
{'data': 'https://pbs.twimg.com/media/DVCK2qgXUAEqCwL?format=jpg&name=360x360',
 'unique_id': 'ZaheerKhan'}
2020-06-11 09:22:28 [scrapy.core.scraper] DEBUG: Scraped from <200 https://twitter.com/>
{'data': 'https://pbs.twimg.com/media/DVCK3chXcAAfn7F?format=jpg&name=360x360',
 'unique_id': 'ZaheerKhan'}
2020-06-11 09:22:28 [scrapy.core.scraper] DEBUG: Scraped from <200 https://twitter.com/>
{'data': 'https://pbs.twimg.com/media/DR_XgZDUQAAdx0z?format=jpg&name=small',
 'unique_id': 'ZaheerKhan'}
2020-06-11 09:22:28 [scrapy.core.scraper] DEBUG: Scraped from <200 https://twitter.com/>
{'data': 'https://pbs.twimg.com/media/DRGSMydXUAAjQ5c?format=jpg&name=small',
 'unique_id': 'ZaheerKhan'}
2020-06-11 09:22:28 [scrapy.core.scraper] DEBUG: Scraped from <200 https://twitter.com/>
{'data': 'https://pbs.twimg.com/media/DPTNRPWWsAAYl8p?format=jpg&name=small',
 'unique_id': 'ZaheerKhan'}
2020-06-11 09:22:28 [scrapy.core.scraper] DEBUG: Scraped from <200 https://twitter.com/>
{'data': 'https://pbs.twimg.com/media/DPTEShWXUAAaqO_?format=jpg&name=360x360',
 'unique_id': 'ZaheerKhan'}
2020-06-11 09:22:28 [scrapy.core.scraper] DEBUG: Scraped from <200 https://twitter.com/>
{'data': 'https://pbs.twimg.com/media/DPTEShgWkAE-9IM?format=jpg&name=small',
 'unique_id': 'ZaheerKhan'}
2020-06-11 09:22:28 [scrapy.core.scraper] DEBUG: Scraped from <200 https://twitter.com/>
{'data': 'https://pbs.twimg.com/media/DPTEShXXUAIxbwI?format=jpg&name=360x360',
 'unique_id': 'ZaheerKhan'}
2020-06-11 09:22:28 [scrapy.core.scraper] DEBUG: Scraped from <200 https://twitter.com/>
{'data': 'https://pbs.twimg.com/media/DPTDRXPW4AAUFNN?format=jpg&name=small',
 'unique_id': 'ZaheerKhan'}
2020-06-11 09:22:28 [scrapy.core.scraper] DEBUG: Scraped from <200 https://twitter.com/>
{'data': 'https://pbs.twimg.com/media/DPTC1R7XcAA-A2Q?format=jpg&name=small',
 'unique_id': 'ZaheerKhan'}
2020-06-11 09:22:29 [scrapy.core.scraper] DEBUG: Scraped from <200 https://twitter.com/>
{'data': 'https://pbs.twimg.com/media/DPS95PHXkAAhhuP?format=jpg&name=small',
 'unique_id': 'ZaheerKhan'}
2020-06-11 09:22:29 [scrapy.core.scraper] DEBUG: Scraped from <200 https://twitter.com/>
{'data': 'https://pbs.twimg.com/media/DLhDckvWsAETTNj?format=jpg&name=small',
 'unique_id': 'ZaheerKhan'}
2020-06-11 09:22:29 [scrapy.core.scraper] DEBUG: Scraped from <200 https://twitter.com/>
{'data': 'https://pbs.twimg.com/media/DFAgzqKUIAAt17m?format=jpg&name=small',
 'unique_id': 'ZaheerKhan'}
2020-06-11 09:22:29 [scrapy.core.scraper] DEBUG: Scraped from <200 https://twitter.com/>
{'data': 'https://pbs.twimg.com/media/DEeN_L-VoAA8CY-?format=jpg&name=900x900',
 'unique_id': 'ZaheerKhan'}
2020-06-11 09:22:29 [selenium.webdriver.remote.remote_connection] DEBUG: POST http://127.0.0.1:58311/session/dc42389914dca6492ab0d65923a35316/execute/sync {"script": "window.scrollTo(0, document.body.scrollHeight);", "args": []}
2020-06-11 09:22:29 [urllib3.connectionpool] DEBUG: http://127.0.0.1:58311 "POST /session/dc42389914dca6492ab0d65923a35316/execute/sync HTTP/1.1" 200 14
2020-06-11 09:22:29 [selenium.webdriver.remote.remote_connection] DEBUG: Finished Request
2020-06-11 09:22:31 [selenium.webdriver.remote.remote_connection] DEBUG: POST http://127.0.0.1:58311/session/dc42389914dca6492ab0d65923a35316/execute/sync {"script": "return document.body.scrollHeight", "args": []}
2020-06-11 09:22:31 [urllib3.connectionpool] DEBUG: http://127.0.0.1:58311 "POST /session/dc42389914dca6492ab0d65923a35316/execute/sync HTTP/1.1" 200 15
2020-06-11 09:22:31 [selenium.webdriver.remote.remote_connection] DEBUG: Finished Request
2020-06-11 09:22:31 [selenium.webdriver.remote.remote_connection] DEBUG: GET http://127.0.0.1:58311/session/dc42389914dca6492ab0d65923a35316/source {}
2020-06-11 09:22:31 [urllib3.connectionpool] DEBUG: http://127.0.0.1:58311 "GET /session/dc42389914dca6492ab0d65923a35316/source HTTP/1.1" 200 326572
2020-06-11 09:22:31 [selenium.webdriver.remote.remote_connection] DEBUG: Finished Request
2020-06-11 09:22:31 [scrapy.core.scraper] DEBUG: Scraped from <200 https://twitter.com/>
{'data': 'https://pbs.twimg.com/media/DAkoNESW0AAxpzE?format=jpg&name=small',
 'unique_id': 'ZaheerKhan'}
2020-06-11 09:22:31 [scrapy.core.scraper] DEBUG: Scraped from <200 https://twitter.com/>
{'data': 'https://pbs.twimg.com/media/DAkoNEWXgAAl3uH?format=jpg&name=small',
 'unique_id': 'ZaheerKhan'}
2020-06-11 09:22:31 [scrapy.core.scraper] DEBUG: Scraped from <200 https://twitter.com/>
{'data': 'https://pbs.twimg.com/media/DAkoNESXsAE7o3p?format=jpg&name=small',
 'unique_id': 'ZaheerKhan'}
2020-06-11 09:22:31 [scrapy.core.scraper] DEBUG: Scraped from <200 https://twitter.com/>
{'data': 'https://pbs.twimg.com/media/C_zRlXbW0AAzMN0?format=jpg&name=360x360',
 'unique_id': 'ZaheerKhan'}
2020-06-11 09:22:32 [scrapy.core.scraper] DEBUG: Scraped from <200 https://twitter.com/>
{'data': 'https://pbs.twimg.com/media/C_zRn0pXkAAcVyC?format=jpg&name=360x360',
 'unique_id': 'ZaheerKhan'}
2020-06-11 09:22:32 [scrapy.core.scraper] DEBUG: Scraped from <200 https://twitter.com/>
{'data': 'https://pbs.twimg.com/media/C_zRmr-XcAEnnHn?format=jpg&name=360x360',
 'unique_id': 'ZaheerKhan'}
2020-06-11 09:22:32 [scrapy.core.scraper] DEBUG: Scraped from <200 https://twitter.com/>
{'data': 'https://pbs.twimg.com/media/C_zRpCVWsAAhFdo?format=jpg&name=360x360',
 'unique_id': 'ZaheerKhan'}
2020-06-11 09:22:32 [scrapy.core.scraper] DEBUG: Scraped from <200 https://twitter.com/>
{'data': 'https://pbs.twimg.com/media/C-etB1dXkAE-UF4?format=jpg&name=small',
 'unique_id': 'ZaheerKhan'}
2020-06-11 09:22:32 [scrapy.core.scraper] DEBUG: Scraped from <200 https://twitter.com/>
{'data': 'https://pbs.twimg.com/media/C-RKqRHVwAAbjjB?format=jpg&name=small',
 'unique_id': 'ZaheerKhan'}
2020-06-11 09:22:32 [scrapy.core.scraper] DEBUG: Scraped from <200 https://twitter.com/>
{'data': 'https://pbs.twimg.com/media/C-PTp3wUIAAAPe2?format=jpg&name=small',
 'unique_id': 'ZaheerKhan'}
2020-06-11 09:22:32 [scrapy.core.scraper] DEBUG: Scraped from <200 https://twitter.com/>
{'data': 'https://pbs.twimg.com/media/C-PMQ5kUIAEYSFu?format=jpg&name=small',
 'unique_id': 'ZaheerKhan'}
2020-06-11 09:22:32 [scrapy.core.scraper] DEBUG: Scraped from <200 https://twitter.com/>
{'data': 'https://pbs.twimg.com/media/C-PIsAUWsAEAJd3?format=jpg&name=small',
 'unique_id': 'ZaheerKhan'}
2020-06-11 09:22:33 [scrapy.core.scraper] DEBUG: Scraped from <200 https://twitter.com/>
{'data': 'https://pbs.twimg.com/media/C-PH9CdUQAAyyP9?format=jpg&name=small',
 'unique_id': 'ZaheerKhan'}
2020-06-11 09:22:33 [scrapy.core.scraper] DEBUG: Scraped from <200 https://twitter.com/>
{'data': 'https://pbs.twimg.com/media/C-O_dSAXsAECISt?format=jpg&name=small',
 'unique_id': 'ZaheerKhan'}
2020-06-11 09:22:33 [scrapy.core.scraper] DEBUG: Scraped from <200 https://twitter.com/>
{'data': 'https://pbs.twimg.com/media/C-O9jJGUMAAP9FP?format=jpg&name=small',
 'unique_id': 'ZaheerKhan'}
2020-06-11 09:22:33 [scrapy.core.scraper] DEBUG: Scraped from <200 https://twitter.com/>
{'data': 'https://pbs.twimg.com/media/C-OlEGAXYAAjWnF?format=jpg&name=small',
 'unique_id': 'ZaheerKhan'}
2020-06-11 09:22:33 [scrapy.core.scraper] DEBUG: Scraped from <200 https://twitter.com/>
{'data': 'https://pbs.twimg.com/media/C-MwTCuV0AAeNc1?format=jpg&name=small',
 'unique_id': 'ZaheerKhan'}
2020-06-11 09:22:33 [scrapy.core.scraper] DEBUG: Scraped from <200 https://twitter.com/>
{'data': 'https://pbs.twimg.com/media/C-MYoKfXYAM2G61?format=jpg&name=small',
 'unique_id': 'ZaheerKhan'}
2020-06-11 09:22:33 [selenium.webdriver.remote.remote_connection] DEBUG: POST http://127.0.0.1:58311/session/dc42389914dca6492ab0d65923a35316/execute/sync {"script": "window.scrollTo(0, document.body.scrollHeight);", "args": []}
2020-06-11 09:22:33 [urllib3.connectionpool] DEBUG: http://127.0.0.1:58311 "POST /session/dc42389914dca6492ab0d65923a35316/execute/sync HTTP/1.1" 200 14
2020-06-11 09:22:33 [selenium.webdriver.remote.remote_connection] DEBUG: Finished Request
2020-06-11 09:22:35 [selenium.webdriver.remote.remote_connection] DEBUG: POST http://127.0.0.1:58311/session/dc42389914dca6492ab0d65923a35316/execute/sync {"script": "return document.body.scrollHeight", "args": []}
2020-06-11 09:22:35 [urllib3.connectionpool] DEBUG: http://127.0.0.1:58311 "POST /session/dc42389914dca6492ab0d65923a35316/execute/sync HTTP/1.1" 200 15
2020-06-11 09:22:35 [selenium.webdriver.remote.remote_connection] DEBUG: Finished Request
2020-06-11 09:22:35 [selenium.webdriver.remote.remote_connection] DEBUG: GET http://127.0.0.1:58311/session/dc42389914dca6492ab0d65923a35316/source {}
2020-06-11 09:22:35 [urllib3.connectionpool] DEBUG: http://127.0.0.1:58311 "GET /session/dc42389914dca6492ab0d65923a35316/source HTTP/1.1" 200 241005
2020-06-11 09:22:35 [selenium.webdriver.remote.remote_connection] DEBUG: Finished Request
2020-06-11 09:22:35 [scrapy.core.scraper] DEBUG: Scraped from <200 https://twitter.com/>
{'data': 'https://pbs.twimg.com/media/C9JrUsZVwAAN0_u?format=jpg&name=small',
 'unique_id': 'ZaheerKhan'}
2020-06-11 09:22:35 [scrapy.core.scraper] DEBUG: Scraped from <200 https://twitter.com/>
{'data': 'https://pbs.twimg.com/media/CzOxrLVUkAAFw1O?format=jpg&name=small',
 'unique_id': 'ZaheerKhan'}
2020-06-11 09:22:35 [selenium.webdriver.remote.remote_connection] DEBUG: POST http://127.0.0.1:58311/session/dc42389914dca6492ab0d65923a35316/execute/sync {"script": "window.scrollTo(0, document.body.scrollHeight);", "args": []}
2020-06-11 09:22:35 [urllib3.connectionpool] DEBUG: http://127.0.0.1:58311 "POST /session/dc42389914dca6492ab0d65923a35316/execute/sync HTTP/1.1" 200 14
2020-06-11 09:22:35 [selenium.webdriver.remote.remote_connection] DEBUG: Finished Request
2020-06-11 09:22:37 [selenium.webdriver.remote.remote_connection] DEBUG: POST http://127.0.0.1:58311/session/dc42389914dca6492ab0d65923a35316/execute/sync {"script": "return document.body.scrollHeight", "args": []}
2020-06-11 09:22:37 [urllib3.connectionpool] DEBUG: http://127.0.0.1:58311 "POST /session/dc42389914dca6492ab0d65923a35316/execute/sync HTTP/1.1" 200 15
2020-06-11 09:22:37 [selenium.webdriver.remote.remote_connection] DEBUG: Finished Request
2020-06-11 09:22:37 [selenium.webdriver.remote.remote_connection] DEBUG: GET http://127.0.0.1:58311/session/dc42389914dca6492ab0d65923a35316/source {}
2020-06-11 09:22:38 [urllib3.connectionpool] DEBUG: http://127.0.0.1:58311 "GET /session/dc42389914dca6492ab0d65923a35316/source HTTP/1.1" 200 233164
2020-06-11 09:22:38 [selenium.webdriver.remote.remote_connection] DEBUG: Finished Request
2020-06-11 09:22:39 [scrapy.core.scraper] DEBUG: Scraped from <200 https://twitter.com/>
{'data': 'https://pbs.twimg.com/media/CRk6H9qUAAALkLO?format=jpg&name=small',
 'unique_id': 'ZaheerKhan'}
2020-06-11 09:22:39 [scrapy.core.scraper] DEBUG: Scraped from <200 https://twitter.com/>
{'data': 'https://pbs.twimg.com/media/CRfhh6MUkAAqGqk?format=jpg&name=small',
 'unique_id': 'ZaheerKhan'}
2020-06-11 09:22:39 [scrapy.core.scraper] DEBUG: Scraped from <200 https://twitter.com/>
{'data': 'https://pbs.twimg.com/media/CRa2j54UYAE3GPv?format=jpg&name=small',
 'unique_id': 'ZaheerKhan'}
2020-06-11 09:22:39 [scrapy.core.scraper] DEBUG: Scraped from <200 https://twitter.com/>
{'data': 'https://pbs.twimg.com/media/CRXhKICVEAI-2X_?format=png&name=small',
 'unique_id': 'ZaheerKhan'}
2020-06-11 09:22:39 [scrapy.core.scraper] DEBUG: Scraped from <200 https://twitter.com/>
{'data': 'https://pbs.twimg.com/media/CRXJcGfUcAE8s9i?format=jpg&name=small',
 'unique_id': 'ZaheerKhan'}
2020-06-11 09:22:39 [scrapy.core.scraper] DEBUG: Scraped from <200 https://twitter.com/>
{'data': 'https://pbs.twimg.com/media/CRXFks1U8AA0Xp8?format=jpg&name=small',
 'unique_id': 'ZaheerKhan'}
2020-06-11 09:22:39 [scrapy.core.scraper] DEBUG: Scraped from <200 https://twitter.com/>
{'data': 'https://pbs.twimg.com/media/CRWyaISWUAAoOGs?format=jpg&name=small',
 'unique_id': 'ZaheerKhan'}
2020-06-11 09:22:39 [scrapy.core.scraper] DEBUG: Scraped from <200 https://twitter.com/>
{'data': 'https://pbs.twimg.com/media/CRWx530U8AAo-9d?format=jpg&name=small',
 'unique_id': 'ZaheerKhan'}
2020-06-11 09:22:39 [selenium.webdriver.remote.remote_connection] DEBUG: POST http://127.0.0.1:58311/session/dc42389914dca6492ab0d65923a35316/execute/sync {"script": "window.scrollTo(0, document.body.scrollHeight);", "args": []}
2020-06-11 09:22:39 [urllib3.connectionpool] DEBUG: http://127.0.0.1:58311 "POST /session/dc42389914dca6492ab0d65923a35316/execute/sync HTTP/1.1" 200 14
2020-06-11 09:22:39 [selenium.webdriver.remote.remote_connection] DEBUG: Finished Request
2020-06-11 09:22:41 [selenium.webdriver.remote.remote_connection] DEBUG: POST http://127.0.0.1:58311/session/dc42389914dca6492ab0d65923a35316/execute/sync {"script": "return document.body.scrollHeight", "args": []}
2020-06-11 09:22:41 [urllib3.connectionpool] DEBUG: http://127.0.0.1:58311 "POST /session/dc42389914dca6492ab0d65923a35316/execute/sync HTTP/1.1" 200 15
2020-06-11 09:22:41 [selenium.webdriver.remote.remote_connection] DEBUG: Finished Request
2020-06-11 09:22:41 [selenium.webdriver.remote.remote_connection] DEBUG: GET http://127.0.0.1:58311/session/dc42389914dca6492ab0d65923a35316/source {}
2020-06-11 09:22:41 [urllib3.connectionpool] DEBUG: http://127.0.0.1:58311 "GET /session/dc42389914dca6492ab0d65923a35316/source HTTP/1.1" 200 298436
2020-06-11 09:22:41 [selenium.webdriver.remote.remote_connection] DEBUG: Finished Request
2020-06-11 09:22:43 [scrapy.core.scraper] DEBUG: Scraped from <200 https://twitter.com/>
{'data': 'https://pbs.twimg.com/media/CRV4IV1VEAAzyOm?format=jpg&name=small',
 'unique_id': 'ZaheerKhan'}
2020-06-11 09:22:43 [scrapy.core.scraper] DEBUG: Scraped from <200 https://twitter.com/>
{'data': 'https://pbs.twimg.com/media/CRVuUr_VAAACMGw?format=jpg&name=small',
 'unique_id': 'ZaheerKhan'}
2020-06-11 09:22:43 [scrapy.core.scraper] DEBUG: Scraped from <200 https://twitter.com/>
{'data': 'https://pbs.twimg.com/media/CRVaPuYUcAAv4fZ?format=jpg&name=small',
 'unique_id': 'ZaheerKhan'}
2020-06-11 09:22:43 [scrapy.core.scraper] DEBUG: Scraped from <200 https://twitter.com/>
{'data': 'https://pbs.twimg.com/media/CQth1-2UAAAWN6z?format=jpg&name=small',
 'unique_id': 'ZaheerKhan'}
2020-06-11 09:22:44 [scrapy.core.scraper] DEBUG: Scraped from <200 https://twitter.com/>
{'data': 'https://pbs.twimg.com/media/CQtQJZQUwAAu6XI?format=jpg&name=small',
 'unique_id': 'ZaheerKhan'}
2020-06-11 09:22:44 [scrapy.core.scraper] DEBUG: Scraped from <200 https://twitter.com/>
{'data': 'https://pbs.twimg.com/media/CQsstWcUAAAYsjh?format=jpg&name=small',
 'unique_id': 'ZaheerKhan'}
2020-06-11 09:22:44 [scrapy.core.scraper] DEBUG: Scraped from <200 https://twitter.com/>
{'data': 'https://pbs.twimg.com/media/CNMK7UEUwAAfyTq?format=jpg&name=small',
 'unique_id': 'ZaheerKhan'}
2020-06-11 09:22:44 [scrapy.core.scraper] DEBUG: Scraped from <200 https://twitter.com/>
{'data': 'https://pbs.twimg.com/media/CKqjfEXVEAAWBFm?format=jpg&name=900x900',
 'unique_id': 'ZaheerKhan'}
2020-06-11 09:22:44 [scrapy.core.scraper] DEBUG: Scraped from <200 https://twitter.com/>
{'data': 'https://pbs.twimg.com/media/CJeMZtlUcAAKkV4?format=jpg&name=360x360',
 'unique_id': 'ZaheerKhan'}
2020-06-11 09:22:44 [scrapy.core.scraper] DEBUG: Scraped from <200 https://twitter.com/>
{'data': 'https://pbs.twimg.com/media/CJeMa7SUMAA0d3J?format=jpg&name=360x360',
 'unique_id': 'ZaheerKhan'}
2020-06-11 09:22:44 [scrapy.core.scraper] DEBUG: Scraped from <200 https://twitter.com/>
{'data': 'https://pbs.twimg.com/media/CJeMUebUcAAxfPI?format=jpg&name=360x360',
 'unique_id': 'ZaheerKhan'}
2020-06-11 09:22:44 [scrapy.core.scraper] DEBUG: Scraped from <200 https://twitter.com/>
{'data': 'https://pbs.twimg.com/media/CE0WTpBUIAErnCR?format=jpg&name=small',
 'unique_id': 'ZaheerKhan'}
2020-06-11 09:22:44 [scrapy.core.scraper] DEBUG: Scraped from <200 https://twitter.com/>
{'data': 'https://pbs.twimg.com/media/CD6jZDRUsAAoJ1w?format=jpg&name=small',
 'unique_id': 'ZaheerKhan'}
2020-06-11 09:22:44 [scrapy.core.scraper] DEBUG: Scraped from <200 https://twitter.com/>
{'data': 'https://pbs.twimg.com/media/CCiTRnhVIAIjnnS?format=jpg&name=360x360',
 'unique_id': 'ZaheerKhan'}
2020-06-11 09:22:44 [scrapy.core.scraper] DEBUG: Scraped from <200 https://twitter.com/>
{'data': 'https://pbs.twimg.com/media/CCiTRq5UkAEV3-S?format=jpg&name=360x360',
 'unique_id': 'ZaheerKhan'}
2020-06-11 09:22:44 [scrapy.core.scraper] DEBUG: Scraped from <200 https://twitter.com/>
{'data': 'https://pbs.twimg.com/media/CCiTRuAUkAAhPSV?format=jpg&name=360x360',
 'unique_id': 'ZaheerKhan'}
2020-06-11 09:22:44 [selenium.webdriver.remote.remote_connection] DEBUG: POST http://127.0.0.1:58311/session/dc42389914dca6492ab0d65923a35316/execute/sync {"script": "window.scrollTo(0, document.body.scrollHeight);", "args": []}
2020-06-11 09:22:44 [urllib3.connectionpool] DEBUG: http://127.0.0.1:58311 "POST /session/dc42389914dca6492ab0d65923a35316/execute/sync HTTP/1.1" 200 14
2020-06-11 09:22:44 [selenium.webdriver.remote.remote_connection] DEBUG: Finished Request
2020-06-11 09:22:46 [selenium.webdriver.remote.remote_connection] DEBUG: POST http://127.0.0.1:58311/session/dc42389914dca6492ab0d65923a35316/execute/sync {"script": "return document.body.scrollHeight", "args": []}
2020-06-11 09:22:46 [urllib3.connectionpool] DEBUG: http://127.0.0.1:58311 "POST /session/dc42389914dca6492ab0d65923a35316/execute/sync HTTP/1.1" 200 15
2020-06-11 09:22:46 [selenium.webdriver.remote.remote_connection] DEBUG: Finished Request
2020-06-11 09:22:46 [selenium.webdriver.remote.remote_connection] DEBUG: GET http://127.0.0.1:58311/session/dc42389914dca6492ab0d65923a35316/source {}
2020-06-11 09:22:46 [urllib3.connectionpool] DEBUG: http://127.0.0.1:58311 "GET /session/dc42389914dca6492ab0d65923a35316/source HTTP/1.1" 200 383912
2020-06-11 09:22:46 [selenium.webdriver.remote.remote_connection] DEBUG: Finished Request
2020-06-11 09:22:47 [scrapy.core.scraper] DEBUG: Scraped from <200 https://twitter.com/>
{'data': 'https://pbs.twimg.com/media/B7n844pCUAAP6c6?format=jpg&name=small',
 'unique_id': 'ZaheerKhan'}
2020-06-11 09:22:47 [scrapy.core.scraper] DEBUG: Scraped from <200 https://twitter.com/>
{'data': 'https://pbs.twimg.com/media/B4v9bsJCYAAHHR1?format=jpg&name=small',
 'unique_id': 'ZaheerKhan'}
2020-06-11 09:22:47 [selenium.webdriver.remote.remote_connection] DEBUG: POST http://127.0.0.1:58311/session/dc42389914dca6492ab0d65923a35316/execute/sync {"script": "window.scrollTo(0, document.body.scrollHeight);", "args": []}
2020-06-11 09:22:47 [urllib3.connectionpool] DEBUG: http://127.0.0.1:58311 "POST /session/dc42389914dca6492ab0d65923a35316/execute/sync HTTP/1.1" 200 14
2020-06-11 09:22:47 [selenium.webdriver.remote.remote_connection] DEBUG: Finished Request
2020-06-11 09:22:49 [selenium.webdriver.remote.remote_connection] DEBUG: POST http://127.0.0.1:58311/session/dc42389914dca6492ab0d65923a35316/execute/sync {"script": "return document.body.scrollHeight", "args": []}
2020-06-11 09:22:49 [urllib3.connectionpool] DEBUG: http://127.0.0.1:58311 "POST /session/dc42389914dca6492ab0d65923a35316/execute/sync HTTP/1.1" 200 15
2020-06-11 09:22:49 [selenium.webdriver.remote.remote_connection] DEBUG: Finished Request
2020-06-11 09:22:49 [scrapy.core.engine] INFO: Closing spider (finished)
2020-06-11 09:22:49 [scrapy.statscollectors] INFO: Dumping Scrapy stats:
{'downloader/request_bytes': 684,
 'downloader/request_count': 2,
 'downloader/request_method_count/GET': 2,
 'downloader/response_bytes': 16954,
 'downloader/response_count': 2,
 'downloader/response_status_count/200': 2,
 'elapsed_time_seconds': 42.814314,
 'finish_reason': 'finished',
 'finish_time': datetime.datetime(2020, 6, 11, 9, 22, 49, 918041),
 'item_scraped_count': 82,
 'log_count/DEBUG': 190,
 'log_count/INFO': 10,
 'log_count/WARNING': 1,
 'memusage/max': 71798784,
 'memusage/startup': 71798784,
 'response_received_count': 2,
 'robotstxt/request_count': 1,
 'robotstxt/response_count': 1,
 'robotstxt/response_status_count/200': 1,
 'scheduler/dequeued': 1,
 'scheduler/dequeued/memory': 1,
 'scheduler/enqueued': 1,
 'scheduler/enqueued/memory': 1,
 'start_time': datetime.datetime(2020, 6, 11, 9, 22, 7, 103727)}
2020-06-11 09:22:49 [scrapy.core.engine] INFO: Spider closed (finished)
