2020-06-11 07:56:24 [scrapy.utils.log] INFO: Scrapy 2.1.0 started (bot: hashtag_images)
2020-06-11 07:56:24 [scrapy.utils.log] INFO: Versions: lxml 4.5.1.0, libxml2 2.9.10, cssselect 1.1.0, parsel 1.6.0, w3lib 1.22.0, Twisted 20.3.0, Python 3.6.9 (default, Apr 18 2020, 01:56:04) - [GCC 8.4.0], pyOpenSSL 19.1.0 (OpenSSL 1.1.1g  21 Apr 2020), cryptography 2.9.2, Platform Linux-5.3.0-46-generic-x86_64-with-Ubuntu-18.04-bionic
2020-06-11 07:56:24 [scrapy.utils.log] DEBUG: Using reactor: twisted.internet.epollreactor.EPollReactor
2020-06-11 07:56:24 [scrapy.crawler] INFO: Overridden settings:
{'BOT_NAME': 'hashtag_images',
 'FEED_EXPORT_ENCODING': 'utf-8',
 'LOG_FILE': 'logs/default/new_hashtag/0addbde0abb911ea85645c879c22ffb0.log',
 'NEWSPIDER_MODULE': 'hashtag_images.spiders',
 'ROBOTSTXT_OBEY': True,
 'SPIDER_MODULES': ['hashtag_images.spiders'],
 'USER_AGENT': 'Mozilla/5.0 (Windows NT 10.0; Win64; x64) AppleWebKit/537.36 '
               '(KHTML, like Gecko) Chrome/83.0.4103.61 Safari/537.36'}
2020-06-11 07:56:24 [scrapy.extensions.telnet] INFO: Telnet Password: 17e15588a54222fb
2020-06-11 07:56:24 [scrapy.middleware] INFO: Enabled extensions:
['scrapy.extensions.corestats.CoreStats',
 'scrapy.extensions.telnet.TelnetConsole',
 'scrapy.extensions.memusage.MemoryUsage',
 'scrapy.extensions.logstats.LogStats']
2020-06-11 07:56:24 [scrapy.middleware] WARNING: Disabled SeleniumMiddleware: SELENIUM_DRIVER_NAME and SELENIUM_DRIVER_EXECUTABLE_PATH must be set
2020-06-11 07:56:24 [scrapy.middleware] INFO: Enabled downloader middlewares:
['scrapy.downloadermiddlewares.robotstxt.RobotsTxtMiddleware',
 'scrapy.downloadermiddlewares.httpauth.HttpAuthMiddleware',
 'scrapy.downloadermiddlewares.downloadtimeout.DownloadTimeoutMiddleware',
 'scrapy.downloadermiddlewares.defaultheaders.DefaultHeadersMiddleware',
 'scrapy.downloadermiddlewares.useragent.UserAgentMiddleware',
 'scrapy.downloadermiddlewares.retry.RetryMiddleware',
 'scrapy.downloadermiddlewares.redirect.MetaRefreshMiddleware',
 'scrapy.downloadermiddlewares.httpcompression.HttpCompressionMiddleware',
 'scrapy.downloadermiddlewares.redirect.RedirectMiddleware',
 'scrapy.downloadermiddlewares.cookies.CookiesMiddleware',
 'scrapy.downloadermiddlewares.httpproxy.HttpProxyMiddleware',
 'scrapy.downloadermiddlewares.stats.DownloaderStats']
2020-06-11 07:56:24 [scrapy.middleware] INFO: Enabled spider middlewares:
['scrapy.spidermiddlewares.httperror.HttpErrorMiddleware',
 'scrapy.spidermiddlewares.offsite.OffsiteMiddleware',
 'scrapy.spidermiddlewares.referer.RefererMiddleware',
 'scrapy.spidermiddlewares.urllength.UrlLengthMiddleware',
 'scrapy.spidermiddlewares.depth.DepthMiddleware']
2020-06-11 07:56:24 [scrapy.middleware] INFO: Enabled item pipelines:
['hashtag_images.pipelines.HashtagImagesPipeline']
2020-06-11 07:56:24 [scrapy.core.engine] INFO: Spider opened
2020-06-11 07:56:24 [scrapy.extensions.logstats] INFO: Crawled 0 pages (at 0 pages/min), scraped 0 items (at 0 items/min)
2020-06-11 07:56:24 [scrapy.extensions.telnet] INFO: Telnet console listening on 127.0.0.1:6023
2020-06-11 07:56:25 [scrapy.core.engine] DEBUG: Crawled (200) <GET https://twitter.com/robots.txt> (referer: None)
2020-06-11 07:56:26 [scrapy.core.engine] DEBUG: Crawled (200) <GET https://twitter.com/> (referer: None)
2020-06-11 07:56:27 [selenium.webdriver.remote.remote_connection] DEBUG: POST http://127.0.0.1:42465/session {"capabilities": {"firstMatch": [{}], "alwaysMatch": {"browserName": "chrome", "platformName": "any", "goog:chromeOptions": {"extensions": [], "args": ["--headless"]}}}, "desiredCapabilities": {"browserName": "chrome", "version": "", "platform": "ANY", "goog:chromeOptions": {"extensions": [], "args": ["--headless"]}}}
2020-06-11 07:56:27 [urllib3.connectionpool] DEBUG: Starting new HTTP connection (1): 127.0.0.1:42465
2020-06-11 07:56:28 [urllib3.connectionpool] DEBUG: http://127.0.0.1:42465 "POST /session HTTP/1.1" 200 679
2020-06-11 07:56:28 [selenium.webdriver.remote.remote_connection] DEBUG: Finished Request
2020-06-11 07:56:28 [selenium.webdriver.remote.remote_connection] DEBUG: POST http://127.0.0.1:42465/session/55b5c20ba25e67a9023052046dc14596/url {"url": "https://twitter.com/hashtag/blacklivesmatter"}
2020-06-11 07:56:33 [urllib3.connectionpool] DEBUG: http://127.0.0.1:42465 "POST /session/55b5c20ba25e67a9023052046dc14596/url HTTP/1.1" 200 14
2020-06-11 07:56:33 [selenium.webdriver.remote.remote_connection] DEBUG: Finished Request
2020-06-11 07:56:33 [selenium.webdriver.remote.remote_connection] DEBUG: POST http://127.0.0.1:42465/session/55b5c20ba25e67a9023052046dc14596/element {"using": "xpath", "value": "(//div[@role='presentation'])[position() > 5]"}
2020-06-11 07:56:33 [urllib3.connectionpool] DEBUG: http://127.0.0.1:42465 "POST /session/55b5c20ba25e67a9023052046dc14596/element HTTP/1.1" 200 88
2020-06-11 07:56:33 [selenium.webdriver.remote.remote_connection] DEBUG: Finished Request
2020-06-11 07:56:33 [selenium.webdriver.remote.remote_connection] DEBUG: POST http://127.0.0.1:42465/session/55b5c20ba25e67a9023052046dc14596/element/f614529b-0b73-445b-8619-90f94d746de5/click {"id": "f614529b-0b73-445b-8619-90f94d746de5"}
2020-06-11 07:56:33 [urllib3.connectionpool] DEBUG: http://127.0.0.1:42465 "POST /session/55b5c20ba25e67a9023052046dc14596/element/f614529b-0b73-445b-8619-90f94d746de5/click HTTP/1.1" 200 14
2020-06-11 07:56:33 [selenium.webdriver.remote.remote_connection] DEBUG: Finished Request
2020-06-11 07:56:34 [selenium.webdriver.remote.remote_connection] DEBUG: POST http://127.0.0.1:42465/session/55b5c20ba25e67a9023052046dc14596/execute/sync {"script": "return document.body.scrollHeight", "args": []}
2020-06-11 07:56:35 [urllib3.connectionpool] DEBUG: http://127.0.0.1:42465 "POST /session/55b5c20ba25e67a9023052046dc14596/execute/sync HTTP/1.1" 200 14
2020-06-11 07:56:35 [selenium.webdriver.remote.remote_connection] DEBUG: Finished Request
2020-06-11 07:56:35 [selenium.webdriver.remote.remote_connection] DEBUG: GET http://127.0.0.1:42465/session/55b5c20ba25e67a9023052046dc14596/source {}
2020-06-11 07:56:35 [urllib3.connectionpool] DEBUG: http://127.0.0.1:42465 "GET /session/55b5c20ba25e67a9023052046dc14596/source HTTP/1.1" 200 125124
2020-06-11 07:56:35 [selenium.webdriver.remote.remote_connection] DEBUG: Finished Request
2020-06-11 07:56:35 [selenium.webdriver.remote.remote_connection] DEBUG: POST http://127.0.0.1:42465/session/55b5c20ba25e67a9023052046dc14596/execute/sync {"script": "window.scrollTo(0, document.body.scrollHeight);", "args": []}
2020-06-11 07:56:35 [urllib3.connectionpool] DEBUG: http://127.0.0.1:42465 "POST /session/55b5c20ba25e67a9023052046dc14596/execute/sync HTTP/1.1" 200 14
2020-06-11 07:56:35 [selenium.webdriver.remote.remote_connection] DEBUG: Finished Request
2020-06-11 07:56:37 [selenium.webdriver.remote.remote_connection] DEBUG: POST http://127.0.0.1:42465/session/55b5c20ba25e67a9023052046dc14596/execute/sync {"script": "return document.body.scrollHeight", "args": []}
2020-06-11 07:56:37 [urllib3.connectionpool] DEBUG: http://127.0.0.1:42465 "POST /session/55b5c20ba25e67a9023052046dc14596/execute/sync HTTP/1.1" 200 14
2020-06-11 07:56:37 [selenium.webdriver.remote.remote_connection] DEBUG: Finished Request
2020-06-11 07:56:37 [selenium.webdriver.remote.remote_connection] DEBUG: GET http://127.0.0.1:42465/session/55b5c20ba25e67a9023052046dc14596/source {}
2020-06-11 07:56:37 [urllib3.connectionpool] DEBUG: http://127.0.0.1:42465 "GET /session/55b5c20ba25e67a9023052046dc14596/source HTTP/1.1" 200 171399
2020-06-11 07:56:37 [selenium.webdriver.remote.remote_connection] DEBUG: Finished Request
2020-06-11 07:56:38 [scrapy.core.scraper] DEBUG: Scraped from <200 https://twitter.com/>
{'data': 'https://pbs.twimg.com/media/EaNqo45VcAAeAow?format=jpg&name=360x360',
 'unique_id': 'blacklivesmatter'}
2020-06-11 07:56:38 [scrapy.core.scraper] DEBUG: Scraped from <200 https://twitter.com/>
{'data': 'https://pbs.twimg.com/media/EaNqp28UwAIO-mD?format=jpg&name=360x360',
 'unique_id': 'blacklivesmatter'}
2020-06-11 07:56:38 [scrapy.core.scraper] DEBUG: Scraped from <200 https://twitter.com/>
{'data': 'https://pbs.twimg.com/media/EaNqpWOVAAYFHnG?format=jpg&name=360x360',
 'unique_id': 'blacklivesmatter'}
2020-06-11 07:56:38 [scrapy.core.scraper] DEBUG: Scraped from <200 https://twitter.com/>
{'data': 'https://pbs.twimg.com/media/EaNqqVXVAAAl9qB?format=jpg&name=360x360',
 'unique_id': 'blacklivesmatter'}
2020-06-11 07:56:38 [scrapy.core.scraper] DEBUG: Scraped from <200 https://twitter.com/>
{'data': 'https://pbs.twimg.com/media/EaNKIVKWoAMbbUv?format=jpg&name=360x360',
 'unique_id': 'blacklivesmatter'}
2020-06-11 07:56:38 [scrapy.core.scraper] DEBUG: Scraped from <200 https://twitter.com/>
{'data': 'https://pbs.twimg.com/media/EaNKIVKXgAEQrTY?format=jpg&name=360x360',
 'unique_id': 'blacklivesmatter'}
2020-06-11 07:56:38 [scrapy.core.scraper] DEBUG: Scraped from <200 https://twitter.com/>
{'data': 'https://pbs.twimg.com/media/EaNKIVKXgAABxPb?format=jpg&name=360x360',
 'unique_id': 'blacklivesmatter'}
2020-06-11 07:56:38 [scrapy.core.scraper] DEBUG: Scraped from <200 https://twitter.com/>
{'data': 'https://pbs.twimg.com/media/EaNKIVLX0AAkvH3?format=jpg&name=360x360',
 'unique_id': 'blacklivesmatter'}
2020-06-11 07:56:38 [scrapy.core.scraper] DEBUG: Scraped from <200 https://twitter.com/>
{'data': 'https://pbs.twimg.com/media/EaNZmO9VAAA72Ls?format=jpg&name=small',
 'unique_id': 'blacklivesmatter'}
2020-06-11 07:56:39 [scrapy.core.scraper] DEBUG: Scraped from <200 https://twitter.com/>
{'data': 'https://pbs.twimg.com/media/EaNz4iwXkAMCcBr?format=jpg&name=small',
 'unique_id': 'blacklivesmatter'}
2020-06-11 07:56:39 [selenium.webdriver.remote.remote_connection] DEBUG: POST http://127.0.0.1:42465/session/55b5c20ba25e67a9023052046dc14596/execute/sync {"script": "window.scrollTo(0, document.body.scrollHeight);", "args": []}
2020-06-11 07:56:39 [urllib3.connectionpool] DEBUG: http://127.0.0.1:42465 "POST /session/55b5c20ba25e67a9023052046dc14596/execute/sync HTTP/1.1" 200 14
2020-06-11 07:56:39 [selenium.webdriver.remote.remote_connection] DEBUG: Finished Request
2020-06-11 07:56:41 [selenium.webdriver.remote.remote_connection] DEBUG: POST http://127.0.0.1:42465/session/55b5c20ba25e67a9023052046dc14596/execute/sync {"script": "return document.body.scrollHeight", "args": []}
2020-06-11 07:56:41 [urllib3.connectionpool] DEBUG: http://127.0.0.1:42465 "POST /session/55b5c20ba25e67a9023052046dc14596/execute/sync HTTP/1.1" 200 15
2020-06-11 07:56:41 [selenium.webdriver.remote.remote_connection] DEBUG: Finished Request
2020-06-11 07:56:41 [selenium.webdriver.remote.remote_connection] DEBUG: GET http://127.0.0.1:42465/session/55b5c20ba25e67a9023052046dc14596/source {}
2020-06-11 07:56:41 [urllib3.connectionpool] DEBUG: http://127.0.0.1:42465 "GET /session/55b5c20ba25e67a9023052046dc14596/source HTTP/1.1" 200 215946
2020-06-11 07:56:41 [selenium.webdriver.remote.remote_connection] DEBUG: Finished Request
2020-06-11 07:56:41 [scrapy.core.scraper] DEBUG: Scraped from <200 https://twitter.com/>
{'data': 'https://pbs.twimg.com/media/EaNz4iwXkAMCcBr?format=jpg&name=small',
 'unique_id': 'blacklivesmatter'}
2020-06-11 07:56:41 [scrapy.core.scraper] DEBUG: Scraped from <200 https://twitter.com/>
{'data': 'https://pbs.twimg.com/media/EaM_6P9XYAAT5m3?format=jpg&name=small',
 'unique_id': 'blacklivesmatter'}
2020-06-11 07:56:41 [scrapy.core.scraper] DEBUG: Scraped from <200 https://twitter.com/>
{'data': 'https://pbs.twimg.com/media/EaM_6P8XYAAiiRa?format=jpg&name=small',
 'unique_id': 'blacklivesmatter'}
2020-06-11 07:56:41 [scrapy.core.scraper] DEBUG: Scraped from <200 https://twitter.com/>
{'data': 'https://pbs.twimg.com/media/EaM_6P8WsAArx3z?format=jpg&name=small',
 'unique_id': 'blacklivesmatter'}
2020-06-11 07:56:41 [scrapy.core.scraper] DEBUG: Scraped from <200 https://twitter.com/>
{'data': 'https://pbs.twimg.com/media/EaM_6P-WkAEN1dA?format=jpg&name=small',
 'unique_id': 'blacklivesmatter'}
2020-06-11 07:56:41 [scrapy.core.scraper] DEBUG: Scraped from <200 https://twitter.com/>
{'data': 'https://pbs.twimg.com/media/EaM8DLaX0AAet-5?format=jpg&name=small',
 'unique_id': 'blacklivesmatter'}
2020-06-11 07:56:41 [scrapy.core.scraper] DEBUG: Scraped from <200 https://twitter.com/>
{'data': 'https://pbs.twimg.com/media/EaM8DLbWkAgtwpd?format=jpg&name=360x360',
 'unique_id': 'blacklivesmatter'}
2020-06-11 07:56:42 [scrapy.core.scraper] DEBUG: Scraped from <200 https://twitter.com/>
{'data': 'https://pbs.twimg.com/media/EaNCctHU0AACB5u?format=jpg&name=360x360',
 'unique_id': 'blacklivesmatter'}
2020-06-11 07:56:42 [scrapy.core.scraper] DEBUG: Scraped from <200 https://twitter.com/>
{'data': 'https://pbs.twimg.com/media/EaNCctIUwAAdF5_?format=jpg&name=360x360',
 'unique_id': 'blacklivesmatter'}
2020-06-11 07:56:42 [scrapy.core.scraper] DEBUG: Scraped from <200 https://twitter.com/>
{'data': 'https://pbs.twimg.com/media/EaNCctJVcAEsktK?format=jpg&name=360x360',
 'unique_id': 'blacklivesmatter'}
2020-06-11 07:56:42 [scrapy.core.scraper] DEBUG: Scraped from <200 https://twitter.com/>
{'data': 'https://pbs.twimg.com/media/EaNCctKU8AAkSWr?format=jpg&name=360x360',
 'unique_id': 'blacklivesmatter'}
2020-06-11 07:56:42 [selenium.webdriver.remote.remote_connection] DEBUG: POST http://127.0.0.1:42465/session/55b5c20ba25e67a9023052046dc14596/execute/sync {"script": "window.scrollTo(0, document.body.scrollHeight);", "args": []}
2020-06-11 07:56:42 [urllib3.connectionpool] DEBUG: http://127.0.0.1:42465 "POST /session/55b5c20ba25e67a9023052046dc14596/execute/sync HTTP/1.1" 200 14
2020-06-11 07:56:42 [selenium.webdriver.remote.remote_connection] DEBUG: Finished Request
2020-06-11 07:56:44 [selenium.webdriver.remote.remote_connection] DEBUG: POST http://127.0.0.1:42465/session/55b5c20ba25e67a9023052046dc14596/execute/sync {"script": "return document.body.scrollHeight", "args": []}
2020-06-11 07:56:44 [urllib3.connectionpool] DEBUG: http://127.0.0.1:42465 "POST /session/55b5c20ba25e67a9023052046dc14596/execute/sync HTTP/1.1" 200 15
2020-06-11 07:56:44 [selenium.webdriver.remote.remote_connection] DEBUG: Finished Request
2020-06-11 07:56:44 [selenium.webdriver.remote.remote_connection] DEBUG: GET http://127.0.0.1:42465/session/55b5c20ba25e67a9023052046dc14596/source {}
2020-06-11 07:56:44 [urllib3.connectionpool] DEBUG: http://127.0.0.1:42465 "GET /session/55b5c20ba25e67a9023052046dc14596/source HTTP/1.1" 200 184774
2020-06-11 07:56:44 [selenium.webdriver.remote.remote_connection] DEBUG: Finished Request
2020-06-11 07:56:45 [scrapy.core.scraper] DEBUG: Scraped from <200 https://twitter.com/>
{'data': 'https://pbs.twimg.com/media/EaNGr9GXkAYISgL?format=jpg&name=small',
 'unique_id': 'blacklivesmatter'}
2020-06-11 07:56:45 [scrapy.core.scraper] DEBUG: Scraped from <200 https://twitter.com/>
{'data': 'https://pbs.twimg.com/media/EaNsQAYXQAE5ziR?format=jpg&name=medium',
 'unique_id': 'blacklivesmatter'}
2020-06-11 07:56:45 [selenium.webdriver.remote.remote_connection] DEBUG: POST http://127.0.0.1:42465/session/55b5c20ba25e67a9023052046dc14596/execute/sync {"script": "window.scrollTo(0, document.body.scrollHeight);", "args": []}
2020-06-11 07:56:45 [urllib3.connectionpool] DEBUG: http://127.0.0.1:42465 "POST /session/55b5c20ba25e67a9023052046dc14596/execute/sync HTTP/1.1" 200 14
2020-06-11 07:56:45 [selenium.webdriver.remote.remote_connection] DEBUG: Finished Request
2020-06-11 07:56:47 [selenium.webdriver.remote.remote_connection] DEBUG: POST http://127.0.0.1:42465/session/55b5c20ba25e67a9023052046dc14596/execute/sync {"script": "return document.body.scrollHeight", "args": []}
2020-06-11 07:56:47 [urllib3.connectionpool] DEBUG: http://127.0.0.1:42465 "POST /session/55b5c20ba25e67a9023052046dc14596/execute/sync HTTP/1.1" 200 15
2020-06-11 07:56:47 [selenium.webdriver.remote.remote_connection] DEBUG: Finished Request
2020-06-11 07:56:47 [scrapy.core.engine] INFO: Closing spider (finished)
2020-06-11 07:56:47 [scrapy.statscollectors] INFO: Dumping Scrapy stats:
{'downloader/request_bytes': 684,
 'downloader/request_count': 2,
 'downloader/request_method_count/GET': 2,
 'downloader/response_bytes': 16950,
 'downloader/response_count': 2,
 'downloader/response_status_count/200': 2,
 'elapsed_time_seconds': 22.70727,
 'finish_reason': 'finished',
 'finish_time': datetime.datetime(2020, 6, 11, 7, 56, 47, 262471),
 'item_scraped_count': 23,
 'log_count/DEBUG': 77,
 'log_count/INFO': 10,
 'log_count/WARNING': 1,
 'memusage/max': 71704576,
 'memusage/startup': 71704576,
 'response_received_count': 2,
 'robotstxt/request_count': 1,
 'robotstxt/response_count': 1,
 'robotstxt/response_status_count/200': 1,
 'scheduler/dequeued': 1,
 'scheduler/dequeued/memory': 1,
 'scheduler/enqueued': 1,
 'scheduler/enqueued/memory': 1,
 'start_time': datetime.datetime(2020, 6, 11, 7, 56, 24, 555201)}
2020-06-11 07:56:47 [scrapy.core.engine] INFO: Spider closed (finished)
