2020-06-11 07:58:50 [scrapy.utils.log] INFO: Scrapy 2.1.0 started (bot: hashtag_images)
2020-06-11 07:58:50 [scrapy.utils.log] INFO: Versions: lxml 4.5.1.0, libxml2 2.9.10, cssselect 1.1.0, parsel 1.6.0, w3lib 1.22.0, Twisted 20.3.0, Python 3.6.9 (default, Apr 18 2020, 01:56:04) - [GCC 8.4.0], pyOpenSSL 19.1.0 (OpenSSL 1.1.1g  21 Apr 2020), cryptography 2.9.2, Platform Linux-5.3.0-46-generic-x86_64-with-Ubuntu-18.04-bionic
2020-06-11 07:58:50 [scrapy.utils.log] DEBUG: Using reactor: twisted.internet.epollreactor.EPollReactor
2020-06-11 07:58:50 [scrapy.crawler] INFO: Overridden settings:
{'BOT_NAME': 'hashtag_images',
 'FEED_EXPORT_ENCODING': 'utf-8',
 'LOG_FILE': 'logs/default/new_hashtag/616da53aabb911ea85645c879c22ffb0.log',
 'NEWSPIDER_MODULE': 'hashtag_images.spiders',
 'ROBOTSTXT_OBEY': True,
 'SPIDER_MODULES': ['hashtag_images.spiders'],
 'USER_AGENT': 'Mozilla/5.0 (Windows NT 10.0; Win64; x64) AppleWebKit/537.36 '
               '(KHTML, like Gecko) Chrome/83.0.4103.61 Safari/537.36'}
2020-06-11 07:58:50 [scrapy.extensions.telnet] INFO: Telnet Password: 1e908b63b4ead2aa
2020-06-11 07:58:50 [scrapy.middleware] INFO: Enabled extensions:
['scrapy.extensions.corestats.CoreStats',
 'scrapy.extensions.telnet.TelnetConsole',
 'scrapy.extensions.memusage.MemoryUsage',
 'scrapy.extensions.logstats.LogStats']
2020-06-11 07:58:50 [scrapy.middleware] WARNING: Disabled SeleniumMiddleware: SELENIUM_DRIVER_NAME and SELENIUM_DRIVER_EXECUTABLE_PATH must be set
2020-06-11 07:58:50 [scrapy.middleware] INFO: Enabled downloader middlewares:
['scrapy.downloadermiddlewares.robotstxt.RobotsTxtMiddleware',
 'scrapy.downloadermiddlewares.httpauth.HttpAuthMiddleware',
 'scrapy.downloadermiddlewares.downloadtimeout.DownloadTimeoutMiddleware',
 'scrapy.downloadermiddlewares.defaultheaders.DefaultHeadersMiddleware',
 'scrapy.downloadermiddlewares.useragent.UserAgentMiddleware',
 'scrapy.downloadermiddlewares.retry.RetryMiddleware',
 'scrapy.downloadermiddlewares.redirect.MetaRefreshMiddleware',
 'scrapy.downloadermiddlewares.httpcompression.HttpCompressionMiddleware',
 'scrapy.downloadermiddlewares.redirect.RedirectMiddleware',
 'scrapy.downloadermiddlewares.cookies.CookiesMiddleware',
 'scrapy.downloadermiddlewares.httpproxy.HttpProxyMiddleware',
 'scrapy.downloadermiddlewares.stats.DownloaderStats']
2020-06-11 07:58:50 [scrapy.middleware] INFO: Enabled spider middlewares:
['scrapy.spidermiddlewares.httperror.HttpErrorMiddleware',
 'scrapy.spidermiddlewares.offsite.OffsiteMiddleware',
 'scrapy.spidermiddlewares.referer.RefererMiddleware',
 'scrapy.spidermiddlewares.urllength.UrlLengthMiddleware',
 'scrapy.spidermiddlewares.depth.DepthMiddleware']
2020-06-11 07:58:50 [scrapy.middleware] INFO: Enabled item pipelines:
['hashtag_images.pipelines.HashtagImagesPipeline']
2020-06-11 07:58:50 [scrapy.core.engine] INFO: Spider opened
2020-06-11 07:58:50 [scrapy.extensions.logstats] INFO: Crawled 0 pages (at 0 pages/min), scraped 0 items (at 0 items/min)
2020-06-11 07:58:50 [scrapy.extensions.telnet] INFO: Telnet console listening on 127.0.0.1:6023
2020-06-11 07:58:51 [scrapy.core.engine] DEBUG: Crawled (200) <GET https://twitter.com/robots.txt> (referer: None)
2020-06-11 07:58:52 [scrapy.core.engine] DEBUG: Crawled (200) <GET https://twitter.com/> (referer: None)
2020-06-11 07:58:53 [selenium.webdriver.remote.remote_connection] DEBUG: POST http://127.0.0.1:55207/session {"capabilities": {"firstMatch": [{}], "alwaysMatch": {"browserName": "chrome", "platformName": "any", "goog:chromeOptions": {"extensions": [], "args": ["--headless"]}}}, "desiredCapabilities": {"browserName": "chrome", "version": "", "platform": "ANY", "goog:chromeOptions": {"extensions": [], "args": ["--headless"]}}}
2020-06-11 07:58:53 [urllib3.connectionpool] DEBUG: Starting new HTTP connection (1): 127.0.0.1:55207
2020-06-11 07:58:53 [urllib3.connectionpool] DEBUG: http://127.0.0.1:55207 "POST /session HTTP/1.1" 200 679
2020-06-11 07:58:53 [selenium.webdriver.remote.remote_connection] DEBUG: Finished Request
2020-06-11 07:58:53 [selenium.webdriver.remote.remote_connection] DEBUG: POST http://127.0.0.1:55207/session/8cc21175bbcbee2d5f1a06a5ed1466dc/url {"url": "https://twitter.com/hashtag/blackouttuesday"}
2020-06-11 07:58:58 [urllib3.connectionpool] DEBUG: http://127.0.0.1:55207 "POST /session/8cc21175bbcbee2d5f1a06a5ed1466dc/url HTTP/1.1" 200 14
2020-06-11 07:58:58 [selenium.webdriver.remote.remote_connection] DEBUG: Finished Request
2020-06-11 07:58:58 [selenium.webdriver.remote.remote_connection] DEBUG: POST http://127.0.0.1:55207/session/8cc21175bbcbee2d5f1a06a5ed1466dc/element {"using": "xpath", "value": "(//div[@role='presentation'])[position() > 5]"}
2020-06-11 07:58:58 [urllib3.connectionpool] DEBUG: http://127.0.0.1:55207 "POST /session/8cc21175bbcbee2d5f1a06a5ed1466dc/element HTTP/1.1" 200 88
2020-06-11 07:58:58 [selenium.webdriver.remote.remote_connection] DEBUG: Finished Request
2020-06-11 07:58:58 [selenium.webdriver.remote.remote_connection] DEBUG: POST http://127.0.0.1:55207/session/8cc21175bbcbee2d5f1a06a5ed1466dc/element/af009563-b03c-4a1c-b2b0-c3e672f521e2/click {"id": "af009563-b03c-4a1c-b2b0-c3e672f521e2"}
2020-06-11 07:58:58 [urllib3.connectionpool] DEBUG: http://127.0.0.1:55207 "POST /session/8cc21175bbcbee2d5f1a06a5ed1466dc/element/af009563-b03c-4a1c-b2b0-c3e672f521e2/click HTTP/1.1" 200 14
2020-06-11 07:58:58 [selenium.webdriver.remote.remote_connection] DEBUG: Finished Request
2020-06-11 07:58:59 [selenium.webdriver.remote.remote_connection] DEBUG: POST http://127.0.0.1:55207/session/8cc21175bbcbee2d5f1a06a5ed1466dc/execute/sync {"script": "return document.body.scrollHeight", "args": []}
2020-06-11 07:58:59 [urllib3.connectionpool] DEBUG: http://127.0.0.1:55207 "POST /session/8cc21175bbcbee2d5f1a06a5ed1466dc/execute/sync HTTP/1.1" 200 13
2020-06-11 07:58:59 [selenium.webdriver.remote.remote_connection] DEBUG: Finished Request
2020-06-11 07:58:59 [selenium.webdriver.remote.remote_connection] DEBUG: GET http://127.0.0.1:55207/session/8cc21175bbcbee2d5f1a06a5ed1466dc/source {}
2020-06-11 07:58:59 [urllib3.connectionpool] DEBUG: http://127.0.0.1:55207 "GET /session/8cc21175bbcbee2d5f1a06a5ed1466dc/source HTTP/1.1" 200 66116
2020-06-11 07:58:59 [selenium.webdriver.remote.remote_connection] DEBUG: Finished Request
2020-06-11 07:58:59 [selenium.webdriver.remote.remote_connection] DEBUG: POST http://127.0.0.1:55207/session/8cc21175bbcbee2d5f1a06a5ed1466dc/execute/sync {"script": "window.scrollTo(0, document.body.scrollHeight);", "args": []}
2020-06-11 07:58:59 [urllib3.connectionpool] DEBUG: http://127.0.0.1:55207 "POST /session/8cc21175bbcbee2d5f1a06a5ed1466dc/execute/sync HTTP/1.1" 200 14
2020-06-11 07:58:59 [selenium.webdriver.remote.remote_connection] DEBUG: Finished Request
2020-06-11 07:59:01 [selenium.webdriver.remote.remote_connection] DEBUG: POST http://127.0.0.1:55207/session/8cc21175bbcbee2d5f1a06a5ed1466dc/execute/sync {"script": "return document.body.scrollHeight", "args": []}
2020-06-11 07:59:01 [urllib3.connectionpool] DEBUG: http://127.0.0.1:55207 "POST /session/8cc21175bbcbee2d5f1a06a5ed1466dc/execute/sync HTTP/1.1" 200 14
2020-06-11 07:59:01 [selenium.webdriver.remote.remote_connection] DEBUG: Finished Request
2020-06-11 07:59:01 [selenium.webdriver.remote.remote_connection] DEBUG: GET http://127.0.0.1:55207/session/8cc21175bbcbee2d5f1a06a5ed1466dc/source {}
2020-06-11 07:59:01 [urllib3.connectionpool] DEBUG: http://127.0.0.1:55207 "GET /session/8cc21175bbcbee2d5f1a06a5ed1466dc/source HTTP/1.1" 200 171677
2020-06-11 07:59:01 [selenium.webdriver.remote.remote_connection] DEBUG: Finished Request
2020-06-11 07:59:01 [scrapy.core.scraper] DEBUG: Scraped from <200 https://twitter.com/>
{'data': 'https://pbs.twimg.com/media/EZoneWfXYAYe5vO?format=jpg&name=360x360',
 'unique_id': 'blackouttuesday'}
2020-06-11 07:59:03 [scrapy.core.scraper] DEBUG: Scraped from <200 https://twitter.com/>
{'data': 'https://pbs.twimg.com/media/EZoneWgWkAAOxlZ?format=jpg&name=360x360',
 'unique_id': 'blackouttuesday'}
2020-06-11 07:59:03 [scrapy.core.scraper] DEBUG: Scraped from <200 https://twitter.com/>
{'data': 'https://pbs.twimg.com/media/EZnsauEXkAElcri?format=jpg&name=small',
 'unique_id': 'blackouttuesday'}
2020-06-11 07:59:03 [scrapy.core.scraper] DEBUG: Scraped from <200 https://twitter.com/>
{'data': 'https://pbs.twimg.com/media/EZnsat_XsAIHAqc?format=jpg&name=small',
 'unique_id': 'blackouttuesday'}
2020-06-11 07:59:03 [scrapy.core.scraper] DEBUG: Scraped from <200 https://twitter.com/>
{'data': 'https://pbs.twimg.com/media/EZnsauAXYAA2BYd?format=jpg&name=small',
 'unique_id': 'blackouttuesday'}
2020-06-11 07:59:03 [scrapy.core.scraper] DEBUG: Scraped from <200 https://twitter.com/>
{'data': 'https://pbs.twimg.com/media/EZnsauHXgAEPK_d?format=jpg&name=360x360',
 'unique_id': 'blackouttuesday'}
2020-06-11 07:59:03 [scrapy.core.scraper] DEBUG: Scraped from <200 https://twitter.com/>
{'data': 'https://pbs.twimg.com/media/EZ3aZ9VUEAYXcIk?format=jpg&name=small',
 'unique_id': 'blackouttuesday'}
2020-06-11 07:59:03 [scrapy.core.scraper] DEBUG: Scraped from <200 https://twitter.com/>
{'data': 'https://pbs.twimg.com/media/EZ3aaA8UMAA7F9N?format=jpg&name=small',
 'unique_id': 'blackouttuesday'}
2020-06-11 07:59:03 [scrapy.core.scraper] DEBUG: Scraped from <200 https://twitter.com/>
{'data': 'https://pbs.twimg.com/media/EZ3aZ9WVAAIyfQ5?format=jpg&name=small',
 'unique_id': 'blackouttuesday'}
2020-06-11 07:59:03 [scrapy.core.scraper] DEBUG: Scraped from <200 https://twitter.com/>
{'data': 'https://pbs.twimg.com/media/EZ3aaFWU4AEKQ-p?format=jpg&name=small',
 'unique_id': 'blackouttuesday'}
2020-06-11 07:59:03 [scrapy.core.scraper] DEBUG: Scraped from <200 https://twitter.com/>
{'data': 'https://pbs.twimg.com/media/EZqCXxKXQAAqRI0?format=jpg&name=small',
 'unique_id': 'blackouttuesday'}
2020-06-11 07:59:03 [scrapy.core.scraper] DEBUG: Scraped from <200 https://twitter.com/>
{'data': 'https://pbs.twimg.com/media/EZqCXxRWAAEU_t3?format=jpg&name=small',
 'unique_id': 'blackouttuesday'}
2020-06-11 07:59:03 [scrapy.core.scraper] DEBUG: Scraped from <200 https://twitter.com/>
{'data': 'https://pbs.twimg.com/media/EZqCYBVXkAINM3o?format=jpg&name=small',
 'unique_id': 'blackouttuesday'}
2020-06-11 07:59:03 [selenium.webdriver.remote.remote_connection] DEBUG: POST http://127.0.0.1:55207/session/8cc21175bbcbee2d5f1a06a5ed1466dc/execute/sync {"script": "window.scrollTo(0, document.body.scrollHeight);", "args": []}
2020-06-11 07:59:03 [urllib3.connectionpool] DEBUG: http://127.0.0.1:55207 "POST /session/8cc21175bbcbee2d5f1a06a5ed1466dc/execute/sync HTTP/1.1" 200 14
2020-06-11 07:59:03 [selenium.webdriver.remote.remote_connection] DEBUG: Finished Request
2020-06-11 07:59:05 [selenium.webdriver.remote.remote_connection] DEBUG: POST http://127.0.0.1:55207/session/8cc21175bbcbee2d5f1a06a5ed1466dc/execute/sync {"script": "return document.body.scrollHeight", "args": []}
2020-06-11 07:59:05 [urllib3.connectionpool] DEBUG: http://127.0.0.1:55207 "POST /session/8cc21175bbcbee2d5f1a06a5ed1466dc/execute/sync HTTP/1.1" 200 14
2020-06-11 07:59:05 [selenium.webdriver.remote.remote_connection] DEBUG: Finished Request
2020-06-11 07:59:05 [selenium.webdriver.remote.remote_connection] DEBUG: GET http://127.0.0.1:55207/session/8cc21175bbcbee2d5f1a06a5ed1466dc/source {}
2020-06-11 07:59:05 [urllib3.connectionpool] DEBUG: http://127.0.0.1:55207 "GET /session/8cc21175bbcbee2d5f1a06a5ed1466dc/source HTTP/1.1" 200 203097
2020-06-11 07:59:05 [selenium.webdriver.remote.remote_connection] DEBUG: Finished Request
2020-06-11 07:59:05 [scrapy.core.scraper] DEBUG: Scraped from <200 https://twitter.com/>
{'data': 'https://pbs.twimg.com/media/EZ3c_UBXkAEnvhR?format=jpg&name=small',
 'unique_id': 'blackouttuesday'}
2020-06-11 07:59:05 [scrapy.core.scraper] DEBUG: Scraped from <200 https://twitter.com/>
{'data': 'https://pbs.twimg.com/media/EZoqbAOUEAA3PT5?format=jpg&name=small',
 'unique_id': 'blackouttuesday'}
2020-06-11 07:59:05 [scrapy.core.scraper] DEBUG: Scraped from <200 https://twitter.com/>
{'data': 'https://pbs.twimg.com/media/EaEMbVOWsAAnRjF?format=jpg&name=small',
 'unique_id': 'blackouttuesday'}
2020-06-11 07:59:05 [scrapy.core.scraper] DEBUG: Scraped from <200 https://twitter.com/>
{'data': 'https://pbs.twimg.com/media/EaHUxSiUYAIuYBD?format=png&name=small',
 'unique_id': 'blackouttuesday'}
2020-06-11 07:59:06 [scrapy.core.scraper] DEBUG: Scraped from <200 https://twitter.com/>
{'data': 'https://pbs.twimg.com/media/EZoU_oqWoAEEFVP?format=jpg&name=360x360',
 'unique_id': 'blackouttuesday'}
2020-06-11 07:59:06 [scrapy.core.scraper] DEBUG: Scraped from <200 https://twitter.com/>
{'data': 'https://pbs.twimg.com/media/EZoU_orWkAEt9Jo?format=jpg&name=360x360',
 'unique_id': 'blackouttuesday'}
2020-06-11 07:59:06 [scrapy.core.scraper] DEBUG: Scraped from <200 https://twitter.com/>
{'data': 'https://pbs.twimg.com/media/EZnyB7AXgAEwpkx?format=jpg&name=360x360',
 'unique_id': 'blackouttuesday'}
2020-06-11 07:59:06 [scrapy.core.scraper] DEBUG: Scraped from <200 https://twitter.com/>
{'data': 'https://pbs.twimg.com/media/EZnyKsqWoAAYLQq?format=jpg&name=small',
 'unique_id': 'blackouttuesday'}
2020-06-11 07:59:06 [selenium.webdriver.remote.remote_connection] DEBUG: POST http://127.0.0.1:55207/session/8cc21175bbcbee2d5f1a06a5ed1466dc/execute/sync {"script": "window.scrollTo(0, document.body.scrollHeight);", "args": []}
2020-06-11 07:59:06 [urllib3.connectionpool] DEBUG: http://127.0.0.1:55207 "POST /session/8cc21175bbcbee2d5f1a06a5ed1466dc/execute/sync HTTP/1.1" 200 14
2020-06-11 07:59:06 [selenium.webdriver.remote.remote_connection] DEBUG: Finished Request
2020-06-11 07:59:08 [selenium.webdriver.remote.remote_connection] DEBUG: POST http://127.0.0.1:55207/session/8cc21175bbcbee2d5f1a06a5ed1466dc/execute/sync {"script": "return document.body.scrollHeight", "args": []}
2020-06-11 07:59:08 [urllib3.connectionpool] DEBUG: http://127.0.0.1:55207 "POST /session/8cc21175bbcbee2d5f1a06a5ed1466dc/execute/sync HTTP/1.1" 200 15
2020-06-11 07:59:08 [selenium.webdriver.remote.remote_connection] DEBUG: Finished Request
2020-06-11 07:59:08 [selenium.webdriver.remote.remote_connection] DEBUG: GET http://127.0.0.1:55207/session/8cc21175bbcbee2d5f1a06a5ed1466dc/source {}
2020-06-11 07:59:08 [urllib3.connectionpool] DEBUG: http://127.0.0.1:55207 "GET /session/8cc21175bbcbee2d5f1a06a5ed1466dc/source HTTP/1.1" 200 255234
2020-06-11 07:59:08 [selenium.webdriver.remote.remote_connection] DEBUG: Finished Request
2020-06-11 07:59:09 [scrapy.core.scraper] DEBUG: Scraped from <200 https://twitter.com/>
{'data': 'https://pbs.twimg.com/media/EaHUxSiUYAIuYBD?format=png&name=small',
 'unique_id': 'blackouttuesday'}
2020-06-11 07:59:09 [scrapy.core.scraper] DEBUG: Scraped from <200 https://twitter.com/>
{'data': 'https://pbs.twimg.com/media/EZoU_oqWoAEEFVP?format=jpg&name=360x360',
 'unique_id': 'blackouttuesday'}
2020-06-11 07:59:09 [scrapy.core.scraper] DEBUG: Scraped from <200 https://twitter.com/>
{'data': 'https://pbs.twimg.com/media/EZoU_orWkAEt9Jo?format=jpg&name=360x360',
 'unique_id': 'blackouttuesday'}
2020-06-11 07:59:09 [scrapy.core.scraper] DEBUG: Scraped from <200 https://twitter.com/>
{'data': 'https://pbs.twimg.com/media/EZnyB7AXgAEwpkx?format=jpg&name=360x360',
 'unique_id': 'blackouttuesday'}
2020-06-11 07:59:10 [scrapy.core.scraper] DEBUG: Scraped from <200 https://twitter.com/>
{'data': 'https://pbs.twimg.com/media/EZnyKsqWoAAYLQq?format=jpg&name=small',
 'unique_id': 'blackouttuesday'}
2020-06-11 07:59:10 [scrapy.core.scraper] DEBUG: Scraped from <200 https://twitter.com/>
{'data': 'https://pbs.twimg.com/media/EaGAXgyXQAQefZh?format=jpg&name=small',
 'unique_id': 'blackouttuesday'}
2020-06-11 07:59:10 [scrapy.core.scraper] DEBUG: Scraped from <200 https://twitter.com/>
{'data': 'https://pbs.twimg.com/media/EaGAYOTX0AERkfT?format=jpg&name=small',
 'unique_id': 'blackouttuesday'}
2020-06-11 07:59:10 [scrapy.core.scraper] DEBUG: Scraped from <200 https://twitter.com/>
{'data': 'https://pbs.twimg.com/media/EaGAYFnXYAAzmCN?format=jpg&name=360x360',
 'unique_id': 'blackouttuesday'}
2020-06-11 07:59:10 [scrapy.core.scraper] DEBUG: Scraped from <200 https://twitter.com/>
{'data': 'https://pbs.twimg.com/media/EaGAYwmXQAIdMiw?format=jpg&name=360x360',
 'unique_id': 'blackouttuesday'}
2020-06-11 07:59:10 [scrapy.core.scraper] DEBUG: Scraped from <200 https://twitter.com/>
{'data': 'https://pbs.twimg.com/media/EaGQ7xCVAAAKG_g?format=jpg&name=360x360',
 'unique_id': 'blackouttuesday'}
2020-06-11 07:59:10 [scrapy.core.scraper] DEBUG: Scraped from <200 https://twitter.com/>
{'data': 'https://pbs.twimg.com/media/EaGQ7ykUYAAkYEJ?format=jpg&name=360x360',
 'unique_id': 'blackouttuesday'}
2020-06-11 07:59:10 [scrapy.core.scraper] DEBUG: Scraped from <200 https://twitter.com/>
{'data': 'https://pbs.twimg.com/media/EZ9iQ0aUwAIUWca?format=jpg&name=small',
 'unique_id': 'blackouttuesday'}
2020-06-11 07:59:11 [scrapy.core.scraper] DEBUG: Scraped from <200 https://twitter.com/>
{'data': 'https://pbs.twimg.com/media/EZxY7FXWkAIOvZu?format=jpg&name=small',
 'unique_id': 'blackouttuesday'}
2020-06-11 07:59:11 [selenium.webdriver.remote.remote_connection] DEBUG: POST http://127.0.0.1:55207/session/8cc21175bbcbee2d5f1a06a5ed1466dc/execute/sync {"script": "window.scrollTo(0, document.body.scrollHeight);", "args": []}
2020-06-11 07:59:11 [urllib3.connectionpool] DEBUG: http://127.0.0.1:55207 "POST /session/8cc21175bbcbee2d5f1a06a5ed1466dc/execute/sync HTTP/1.1" 200 14
2020-06-11 07:59:11 [selenium.webdriver.remote.remote_connection] DEBUG: Finished Request
2020-06-11 07:59:13 [selenium.webdriver.remote.remote_connection] DEBUG: POST http://127.0.0.1:55207/session/8cc21175bbcbee2d5f1a06a5ed1466dc/execute/sync {"script": "return document.body.scrollHeight", "args": []}
2020-06-11 07:59:13 [urllib3.connectionpool] DEBUG: http://127.0.0.1:55207 "POST /session/8cc21175bbcbee2d5f1a06a5ed1466dc/execute/sync HTTP/1.1" 200 15
2020-06-11 07:59:13 [selenium.webdriver.remote.remote_connection] DEBUG: Finished Request
2020-06-11 07:59:13 [scrapy.core.engine] INFO: Closing spider (finished)
2020-06-11 07:59:13 [scrapy.statscollectors] INFO: Dumping Scrapy stats:
{'downloader/request_bytes': 684,
 'downloader/request_count': 2,
 'downloader/request_method_count/GET': 2,
 'downloader/response_bytes': 16957,
 'downloader/response_count': 2,
 'downloader/response_status_count/200': 2,
 'elapsed_time_seconds': 23.207583,
 'finish_reason': 'finished',
 'finish_time': datetime.datetime(2020, 6, 11, 7, 59, 13, 312229),
 'item_scraped_count': 34,
 'log_count/DEBUG': 88,
 'log_count/INFO': 10,
 'log_count/WARNING': 1,
 'memusage/max': 71847936,
 'memusage/startup': 71847936,
 'response_received_count': 2,
 'robotstxt/request_count': 1,
 'robotstxt/response_count': 1,
 'robotstxt/response_status_count/200': 1,
 'scheduler/dequeued': 1,
 'scheduler/dequeued/memory': 1,
 'scheduler/enqueued': 1,
 'scheduler/enqueued/memory': 1,
 'start_time': datetime.datetime(2020, 6, 11, 7, 58, 50, 104646)}
2020-06-11 07:59:13 [scrapy.core.engine] INFO: Spider closed (finished)
