2020-06-11 09:06:31 [scrapy.utils.log] INFO: Scrapy 2.1.0 started (bot: hashtag_images)
2020-06-11 09:06:31 [scrapy.utils.log] INFO: Versions: lxml 4.5.1.0, libxml2 2.9.10, cssselect 1.1.0, parsel 1.6.0, w3lib 1.22.0, Twisted 20.3.0, Python 3.6.9 (default, Apr 18 2020, 01:56:04) - [GCC 8.4.0], pyOpenSSL 19.1.0 (OpenSSL 1.1.1g  21 Apr 2020), cryptography 2.9.2, Platform Linux-5.3.0-46-generic-x86_64-with-Ubuntu-18.04-bionic
2020-06-11 09:06:31 [scrapy.utils.log] DEBUG: Using reactor: twisted.internet.epollreactor.EPollReactor
2020-06-11 09:06:31 [scrapy.crawler] INFO: Overridden settings:
{'BOT_NAME': 'hashtag_images',
 'FEED_EXPORT_ENCODING': 'utf-8',
 'LOG_FILE': 'logs/default/new_hashtag/d6b5c440abc211ea85645c879c22ffb0.log',
 'NEWSPIDER_MODULE': 'hashtag_images.spiders',
 'ROBOTSTXT_OBEY': True,
 'SPIDER_MODULES': ['hashtag_images.spiders'],
 'USER_AGENT': 'Mozilla/5.0 (Windows NT 10.0; Win64; x64) AppleWebKit/537.36 '
               '(KHTML, like Gecko) Chrome/83.0.4103.61 Safari/537.36'}
2020-06-11 09:06:31 [scrapy.extensions.telnet] INFO: Telnet Password: 73495239dc1c4a6f
2020-06-11 09:06:31 [scrapy.middleware] INFO: Enabled extensions:
['scrapy.extensions.corestats.CoreStats',
 'scrapy.extensions.telnet.TelnetConsole',
 'scrapy.extensions.memusage.MemoryUsage',
 'scrapy.extensions.logstats.LogStats']
2020-06-11 09:06:31 [scrapy.middleware] WARNING: Disabled SeleniumMiddleware: SELENIUM_DRIVER_NAME and SELENIUM_DRIVER_EXECUTABLE_PATH must be set
2020-06-11 09:06:31 [scrapy.middleware] INFO: Enabled downloader middlewares:
['scrapy.downloadermiddlewares.robotstxt.RobotsTxtMiddleware',
 'scrapy.downloadermiddlewares.httpauth.HttpAuthMiddleware',
 'scrapy.downloadermiddlewares.downloadtimeout.DownloadTimeoutMiddleware',
 'scrapy.downloadermiddlewares.defaultheaders.DefaultHeadersMiddleware',
 'scrapy.downloadermiddlewares.useragent.UserAgentMiddleware',
 'scrapy.downloadermiddlewares.retry.RetryMiddleware',
 'scrapy.downloadermiddlewares.redirect.MetaRefreshMiddleware',
 'scrapy.downloadermiddlewares.httpcompression.HttpCompressionMiddleware',
 'scrapy.downloadermiddlewares.redirect.RedirectMiddleware',
 'scrapy.downloadermiddlewares.cookies.CookiesMiddleware',
 'scrapy.downloadermiddlewares.httpproxy.HttpProxyMiddleware',
 'scrapy.downloadermiddlewares.stats.DownloaderStats']
2020-06-11 09:06:31 [scrapy.middleware] INFO: Enabled spider middlewares:
['scrapy.spidermiddlewares.httperror.HttpErrorMiddleware',
 'scrapy.spidermiddlewares.offsite.OffsiteMiddleware',
 'scrapy.spidermiddlewares.referer.RefererMiddleware',
 'scrapy.spidermiddlewares.urllength.UrlLengthMiddleware',
 'scrapy.spidermiddlewares.depth.DepthMiddleware']
2020-06-11 09:06:31 [scrapy.middleware] INFO: Enabled item pipelines:
['hashtag_images.pipelines.HashtagImagesPipeline']
2020-06-11 09:06:31 [scrapy.core.engine] INFO: Spider opened
2020-06-11 09:06:31 [scrapy.extensions.logstats] INFO: Crawled 0 pages (at 0 pages/min), scraped 0 items (at 0 items/min)
2020-06-11 09:06:31 [scrapy.extensions.telnet] INFO: Telnet console listening on 127.0.0.1:6023
2020-06-11 09:06:32 [scrapy.core.engine] DEBUG: Crawled (200) <GET https://twitter.com/robots.txt> (referer: None)
2020-06-11 09:06:33 [scrapy.core.engine] DEBUG: Crawled (200) <GET https://twitter.com/> (referer: None)
2020-06-11 09:06:34 [selenium.webdriver.remote.remote_connection] DEBUG: POST http://127.0.0.1:50055/session {"capabilities": {"firstMatch": [{}], "alwaysMatch": {"browserName": "chrome", "platformName": "any", "goog:chromeOptions": {"extensions": [], "args": ["--headless"]}}}, "desiredCapabilities": {"browserName": "chrome", "version": "", "platform": "ANY", "goog:chromeOptions": {"extensions": [], "args": ["--headless"]}}}
2020-06-11 09:06:34 [urllib3.connectionpool] DEBUG: Starting new HTTP connection (1): 127.0.0.1:50055
2020-06-11 09:06:34 [urllib3.connectionpool] DEBUG: http://127.0.0.1:50055 "POST /session HTTP/1.1" 200 679
2020-06-11 09:06:34 [selenium.webdriver.remote.remote_connection] DEBUG: Finished Request
2020-06-11 09:06:34 [selenium.webdriver.remote.remote_connection] DEBUG: POST http://127.0.0.1:50055/session/6ac141cb999f7881c6169e2df85a29ee/url {"url": "https://twitter.com/hashtag/COVID19"}
2020-06-11 09:06:39 [urllib3.connectionpool] DEBUG: http://127.0.0.1:50055 "POST /session/6ac141cb999f7881c6169e2df85a29ee/url HTTP/1.1" 200 14
2020-06-11 09:06:39 [selenium.webdriver.remote.remote_connection] DEBUG: Finished Request
2020-06-11 09:06:39 [selenium.webdriver.remote.remote_connection] DEBUG: POST http://127.0.0.1:50055/session/6ac141cb999f7881c6169e2df85a29ee/element {"using": "xpath", "value": "(//div[@role='presentation'])[position() > 5]"}
2020-06-11 09:06:39 [urllib3.connectionpool] DEBUG: http://127.0.0.1:50055 "POST /session/6ac141cb999f7881c6169e2df85a29ee/element HTTP/1.1" 200 88
2020-06-11 09:06:39 [selenium.webdriver.remote.remote_connection] DEBUG: Finished Request
2020-06-11 09:06:39 [selenium.webdriver.remote.remote_connection] DEBUG: POST http://127.0.0.1:50055/session/6ac141cb999f7881c6169e2df85a29ee/element/7cbc9ba7-7339-4bd9-86a4-2d16e37a1c93/click {"id": "7cbc9ba7-7339-4bd9-86a4-2d16e37a1c93"}
2020-06-11 09:06:39 [urllib3.connectionpool] DEBUG: http://127.0.0.1:50055 "POST /session/6ac141cb999f7881c6169e2df85a29ee/element/7cbc9ba7-7339-4bd9-86a4-2d16e37a1c93/click HTTP/1.1" 200 14
2020-06-11 09:06:39 [selenium.webdriver.remote.remote_connection] DEBUG: Finished Request
2020-06-11 09:06:40 [selenium.webdriver.remote.remote_connection] DEBUG: POST http://127.0.0.1:50055/session/6ac141cb999f7881c6169e2df85a29ee/execute/sync {"script": "return document.body.scrollHeight", "args": []}
2020-06-11 09:06:40 [urllib3.connectionpool] DEBUG: http://127.0.0.1:50055 "POST /session/6ac141cb999f7881c6169e2df85a29ee/execute/sync HTTP/1.1" 200 14
2020-06-11 09:06:40 [selenium.webdriver.remote.remote_connection] DEBUG: Finished Request
2020-06-11 09:06:40 [selenium.webdriver.remote.remote_connection] DEBUG: GET http://127.0.0.1:50055/session/6ac141cb999f7881c6169e2df85a29ee/source {}
2020-06-11 09:06:40 [urllib3.connectionpool] DEBUG: http://127.0.0.1:50055 "GET /session/6ac141cb999f7881c6169e2df85a29ee/source HTTP/1.1" 200 84367
2020-06-11 09:06:40 [selenium.webdriver.remote.remote_connection] DEBUG: Finished Request
2020-06-11 09:06:41 [scrapy.core.scraper] DEBUG: Scraped from <200 https://twitter.com/>
{'data': 'https://pbs.twimg.com/media/EaNYMf_WAAMoe1u?format=jpg&name=small',
 'unique_id': 'COVID19'}
2020-06-11 09:06:41 [selenium.webdriver.remote.remote_connection] DEBUG: POST http://127.0.0.1:50055/session/6ac141cb999f7881c6169e2df85a29ee/execute/sync {"script": "window.scrollTo(0, document.body.scrollHeight);", "args": []}
2020-06-11 09:06:41 [urllib3.connectionpool] DEBUG: http://127.0.0.1:50055 "POST /session/6ac141cb999f7881c6169e2df85a29ee/execute/sync HTTP/1.1" 200 14
2020-06-11 09:06:41 [selenium.webdriver.remote.remote_connection] DEBUG: Finished Request
2020-06-11 09:06:43 [selenium.webdriver.remote.remote_connection] DEBUG: POST http://127.0.0.1:50055/session/6ac141cb999f7881c6169e2df85a29ee/execute/sync {"script": "return document.body.scrollHeight", "args": []}
2020-06-11 09:06:43 [urllib3.connectionpool] DEBUG: http://127.0.0.1:50055 "POST /session/6ac141cb999f7881c6169e2df85a29ee/execute/sync HTTP/1.1" 200 14
2020-06-11 09:06:43 [selenium.webdriver.remote.remote_connection] DEBUG: Finished Request
2020-06-11 09:06:43 [selenium.webdriver.remote.remote_connection] DEBUG: GET http://127.0.0.1:50055/session/6ac141cb999f7881c6169e2df85a29ee/source {}
2020-06-11 09:06:43 [urllib3.connectionpool] DEBUG: http://127.0.0.1:50055 "GET /session/6ac141cb999f7881c6169e2df85a29ee/source HTTP/1.1" 200 203244
2020-06-11 09:06:43 [selenium.webdriver.remote.remote_connection] DEBUG: Finished Request
2020-06-11 09:06:44 [scrapy.core.scraper] DEBUG: Scraped from <200 https://twitter.com/>
{'data': 'https://pbs.twimg.com/media/EaOFGKgVAAI8Y0J?format=jpg&name=small',
 'unique_id': 'COVID19'}
2020-06-11 09:06:44 [scrapy.core.scraper] DEBUG: Scraped from <200 https://twitter.com/>
{'data': 'https://pbs.twimg.com/media/EaNgyMLU8AEjteB?format=jpg&name=small',
 'unique_id': 'COVID19'}
2020-06-11 09:06:44 [scrapy.core.scraper] DEBUG: Scraped from <200 https://twitter.com/>
{'data': 'https://pbs.twimg.com/media/EaN57CcUcAEDzOO?format=jpg&name=360x360',
 'unique_id': 'COVID19'}
2020-06-11 09:06:44 [scrapy.core.scraper] DEBUG: Scraped from <200 https://twitter.com/>
{'data': 'https://pbs.twimg.com/media/EaN5_DkUMAIfgVv?format=jpg&name=360x360',
 'unique_id': 'COVID19'}
2020-06-11 09:06:44 [scrapy.core.scraper] DEBUG: Scraped from <200 https://twitter.com/>
{'data': 'https://pbs.twimg.com/media/EaN59CgU4AArYlr?format=jpg&name=360x360',
 'unique_id': 'COVID19'}
2020-06-11 09:06:44 [scrapy.core.scraper] DEBUG: Scraped from <200 https://twitter.com/>
{'data': 'https://pbs.twimg.com/media/EaN6V2YVAAEn1UK?format=jpg&name=360x360',
 'unique_id': 'COVID19'}
2020-06-11 09:06:44 [scrapy.core.scraper] DEBUG: Scraped from <200 https://twitter.com/>
{'data': 'https://pbs.twimg.com/media/EaN812_XQAAp6pa?format=jpg&name=900x900',
 'unique_id': 'COVID19'}
2020-06-11 09:06:44 [selenium.webdriver.remote.remote_connection] DEBUG: POST http://127.0.0.1:50055/session/6ac141cb999f7881c6169e2df85a29ee/execute/sync {"script": "window.scrollTo(0, document.body.scrollHeight);", "args": []}
2020-06-11 09:06:44 [urllib3.connectionpool] DEBUG: http://127.0.0.1:50055 "POST /session/6ac141cb999f7881c6169e2df85a29ee/execute/sync HTTP/1.1" 200 14
2020-06-11 09:06:44 [selenium.webdriver.remote.remote_connection] DEBUG: Finished Request
2020-06-11 09:06:46 [selenium.webdriver.remote.remote_connection] DEBUG: POST http://127.0.0.1:50055/session/6ac141cb999f7881c6169e2df85a29ee/execute/sync {"script": "return document.body.scrollHeight", "args": []}
2020-06-11 09:06:46 [urllib3.connectionpool] DEBUG: http://127.0.0.1:50055 "POST /session/6ac141cb999f7881c6169e2df85a29ee/execute/sync HTTP/1.1" 200 15
2020-06-11 09:06:46 [selenium.webdriver.remote.remote_connection] DEBUG: Finished Request
2020-06-11 09:06:46 [selenium.webdriver.remote.remote_connection] DEBUG: GET http://127.0.0.1:50055/session/6ac141cb999f7881c6169e2df85a29ee/source {}
2020-06-11 09:06:46 [urllib3.connectionpool] DEBUG: http://127.0.0.1:50055 "GET /session/6ac141cb999f7881c6169e2df85a29ee/source HTTP/1.1" 200 291541
2020-06-11 09:06:46 [selenium.webdriver.remote.remote_connection] DEBUG: Finished Request
2020-06-11 09:06:47 [scrapy.core.scraper] DEBUG: Scraped from <200 https://twitter.com/>
{'data': 'https://pbs.twimg.com/media/EaN57CcUcAEDzOO?format=jpg&name=360x360',
 'unique_id': 'COVID19'}
2020-06-11 09:06:47 [scrapy.core.scraper] DEBUG: Scraped from <200 https://twitter.com/>
{'data': 'https://pbs.twimg.com/media/EaN5_DkUMAIfgVv?format=jpg&name=360x360',
 'unique_id': 'COVID19'}
2020-06-11 09:06:47 [scrapy.core.scraper] DEBUG: Scraped from <200 https://twitter.com/>
{'data': 'https://pbs.twimg.com/media/EaN59CgU4AArYlr?format=jpg&name=360x360',
 'unique_id': 'COVID19'}
2020-06-11 09:06:47 [scrapy.core.scraper] DEBUG: Scraped from <200 https://twitter.com/>
{'data': 'https://pbs.twimg.com/media/EaN6V2YVAAEn1UK?format=jpg&name=360x360',
 'unique_id': 'COVID19'}
2020-06-11 09:06:47 [scrapy.core.scraper] DEBUG: Scraped from <200 https://twitter.com/>
{'data': 'https://pbs.twimg.com/media/EaN812_XQAAp6pa?format=jpg&name=900x900',
 'unique_id': 'COVID19'}
2020-06-11 09:06:47 [scrapy.core.scraper] DEBUG: Scraped from <200 https://twitter.com/>
{'data': 'https://pbs.twimg.com/media/EaOCmZuUYAAW6DH?format=jpg&name=small',
 'unique_id': 'COVID19'}
2020-06-11 09:06:47 [scrapy.core.scraper] DEBUG: Scraped from <200 https://twitter.com/>
{'data': 'https://pbs.twimg.com/media/EaNhx9-VAAEYe6J?format=jpg&name=small',
 'unique_id': 'COVID19'}
2020-06-11 09:06:47 [scrapy.core.scraper] DEBUG: Scraped from <200 https://twitter.com/>
{'data': 'https://pbs.twimg.com/media/EaNhuDCWkAM6dkM?format=jpg&name=360x360',
 'unique_id': 'COVID19'}
2020-06-11 09:06:47 [scrapy.core.scraper] DEBUG: Scraped from <200 https://twitter.com/>
{'data': 'https://pbs.twimg.com/media/EaNtpTrXYAEyNqD?format=jpg&name=360x360',
 'unique_id': 'COVID19'}
2020-06-11 09:06:47 [scrapy.core.scraper] DEBUG: Scraped from <200 https://twitter.com/>
{'data': 'https://pbs.twimg.com/media/EaNhwKOWsAA0Dj3?format=jpg&name=360x360',
 'unique_id': 'COVID19'}
2020-06-11 09:06:47 [scrapy.core.scraper] DEBUG: Scraped from <200 https://twitter.com/>
{'data': 'https://pbs.twimg.com/media/EaNtqCOXsAAZHRa?format=jpg&name=360x360',
 'unique_id': 'COVID19'}
2020-06-11 09:06:47 [scrapy.core.scraper] DEBUG: Scraped from <200 https://twitter.com/>
{'data': 'https://pbs.twimg.com/media/EaNXQt0WsAEeLh8?format=jpg&name=small',
 'unique_id': 'COVID19'}
2020-06-11 09:06:47 [selenium.webdriver.remote.remote_connection] DEBUG: POST http://127.0.0.1:50055/session/6ac141cb999f7881c6169e2df85a29ee/execute/sync {"script": "window.scrollTo(0, document.body.scrollHeight);", "args": []}
2020-06-11 09:06:47 [urllib3.connectionpool] DEBUG: http://127.0.0.1:50055 "POST /session/6ac141cb999f7881c6169e2df85a29ee/execute/sync HTTP/1.1" 200 14
2020-06-11 09:06:47 [selenium.webdriver.remote.remote_connection] DEBUG: Finished Request
2020-06-11 09:06:49 [selenium.webdriver.remote.remote_connection] DEBUG: POST http://127.0.0.1:50055/session/6ac141cb999f7881c6169e2df85a29ee/execute/sync {"script": "return document.body.scrollHeight", "args": []}
2020-06-11 09:06:49 [urllib3.connectionpool] DEBUG: http://127.0.0.1:50055 "POST /session/6ac141cb999f7881c6169e2df85a29ee/execute/sync HTTP/1.1" 200 15
2020-06-11 09:06:49 [selenium.webdriver.remote.remote_connection] DEBUG: Finished Request
2020-06-11 09:06:49 [selenium.webdriver.remote.remote_connection] DEBUG: GET http://127.0.0.1:50055/session/6ac141cb999f7881c6169e2df85a29ee/source {}
2020-06-11 09:06:49 [urllib3.connectionpool] DEBUG: http://127.0.0.1:50055 "GET /session/6ac141cb999f7881c6169e2df85a29ee/source HTTP/1.1" 200 170239
2020-06-11 09:06:49 [selenium.webdriver.remote.remote_connection] DEBUG: Finished Request
2020-06-11 09:06:50 [scrapy.core.scraper] DEBUG: Scraped from <200 https://twitter.com/>
{'data': 'https://pbs.twimg.com/media/EaNPw8NWsAAlHTs?format=jpg&name=360x360',
 'unique_id': 'COVID19'}
2020-06-11 09:06:51 [scrapy.core.scraper] DEBUG: Scraped from <200 https://twitter.com/>
{'data': 'https://pbs.twimg.com/media/EaNPyMPXsAAmt4u?format=jpg&name=360x360',
 'unique_id': 'COVID19'}
2020-06-11 09:06:51 [scrapy.core.scraper] DEBUG: Scraped from <200 https://twitter.com/>
{'data': 'https://pbs.twimg.com/media/EaNPxnFXgAEq8HY?format=jpg&name=360x360',
 'unique_id': 'COVID19'}
2020-06-11 09:06:51 [scrapy.core.scraper] DEBUG: Scraped from <200 https://twitter.com/>
{'data': 'https://pbs.twimg.com/media/EaNPy5MX0AEstbA?format=jpg&name=360x360',
 'unique_id': 'COVID19'}
2020-06-11 09:06:51 [scrapy.core.scraper] DEBUG: Scraped from <200 https://twitter.com/>
{'data': 'https://pbs.twimg.com/media/EaN9ZnkU0AERwko?format=jpg&name=small',
 'unique_id': 'COVID19'}
2020-06-11 09:06:51 [scrapy.core.scraper] DEBUG: Scraped from <200 https://twitter.com/>
{'data': 'https://pbs.twimg.com/media/EaOEUmQXQAAVcdY?format=jpg&name=small',
 'unique_id': 'COVID19'}
2020-06-11 09:06:51 [scrapy.core.scraper] DEBUG: Scraped from <200 https://twitter.com/>
{'data': 'https://pbs.twimg.com/media/EaNauVFVcAAyncu?format=jpg&name=small',
 'unique_id': 'COVID19'}
2020-06-11 09:06:51 [scrapy.core.scraper] DEBUG: Scraped from <200 https://twitter.com/>
{'data': 'https://pbs.twimg.com/media/EaN5pB0XsAAdvjo?format=jpg&name=small',
 'unique_id': 'COVID19'}
2020-06-11 09:06:51 [selenium.webdriver.remote.remote_connection] DEBUG: POST http://127.0.0.1:50055/session/6ac141cb999f7881c6169e2df85a29ee/execute/sync {"script": "window.scrollTo(0, document.body.scrollHeight);", "args": []}
2020-06-11 09:06:51 [urllib3.connectionpool] DEBUG: http://127.0.0.1:50055 "POST /session/6ac141cb999f7881c6169e2df85a29ee/execute/sync HTTP/1.1" 200 14
2020-06-11 09:06:51 [selenium.webdriver.remote.remote_connection] DEBUG: Finished Request
2020-06-11 09:06:53 [selenium.webdriver.remote.remote_connection] DEBUG: POST http://127.0.0.1:50055/session/6ac141cb999f7881c6169e2df85a29ee/execute/sync {"script": "return document.body.scrollHeight", "args": []}
2020-06-11 09:06:53 [urllib3.connectionpool] DEBUG: http://127.0.0.1:50055 "POST /session/6ac141cb999f7881c6169e2df85a29ee/execute/sync HTTP/1.1" 200 15
2020-06-11 09:06:53 [selenium.webdriver.remote.remote_connection] DEBUG: Finished Request
2020-06-11 09:06:53 [scrapy.core.engine] INFO: Closing spider (finished)
2020-06-11 09:06:53 [scrapy.statscollectors] INFO: Dumping Scrapy stats:
{'downloader/request_bytes': 684,
 'downloader/request_count': 2,
 'downloader/request_method_count/GET': 2,
 'downloader/response_bytes': 17009,
 'downloader/response_count': 2,
 'downloader/response_status_count/200': 2,
 'elapsed_time_seconds': 21.585372,
 'finish_reason': 'finished',
 'finish_time': datetime.datetime(2020, 6, 11, 9, 6, 53, 497705),
 'item_scraped_count': 28,
 'log_count/DEBUG': 82,
 'log_count/INFO': 10,
 'log_count/WARNING': 1,
 'memusage/max': 72339456,
 'memusage/startup': 72339456,
 'response_received_count': 2,
 'robotstxt/request_count': 1,
 'robotstxt/response_count': 1,
 'robotstxt/response_status_count/200': 1,
 'scheduler/dequeued': 1,
 'scheduler/dequeued/memory': 1,
 'scheduler/enqueued': 1,
 'scheduler/enqueued/memory': 1,
 'start_time': datetime.datetime(2020, 6, 11, 9, 6, 31, 912333)}
2020-06-11 09:06:53 [scrapy.core.engine] INFO: Spider closed (finished)
